<?xml version="1.0" encoding="UTF-8"?>
<!-- Generated by org.testng.reporters.JUnitXMLReporter -->
<testsuite hostname="QUASPC1210" failures="7" tests="227" name="Test" time="1209.781" errors="0" timestamp="17 Mar 2022 03:53:38 GMT">
  <testcase classname="SurveySolution.SurveySolution_Testcase" name="@BeforeMethod beforeClass" time="0.0">
    <failure type="org.openqa.selenium.WebDriverException" message="It is impossible to create a new session because &amp;apos;createSession&amp;apos; which takes HttpClient, InputStream and long was not found or it is not accessible
Build info: version: &amp;apos;3.12.0&amp;apos;, revision: &amp;apos;7c6e0b3&amp;apos;, time: &amp;apos;2018-05-08T14:04:26.12Z&amp;apos;
System info: host: &amp;apos;QUASPC1210&amp;apos;, ip: &amp;apos;192.168.1.210&amp;apos;, os.name: &amp;apos;Windows 10&amp;apos;, os.arch: &amp;apos;amd64&amp;apos;, os.version: &amp;apos;10.0&amp;apos;, java.version: &amp;apos;11.0.12&amp;apos;
Driver info: driver.version: AndroidDriver">
      <![CDATA[org.openqa.selenium.WebDriverException: It is impossible to create a new session because 'createSession' which takes HttpClient, InputStream and long was not found or it is not accessible
Build info: version: '3.12.0', revision: '7c6e0b3', time: '2018-05-08T14:04:26.12Z'
System info: host: 'QUASPC1210', ip: '192.168.1.210', os.name: 'Windows 10', os.arch: 'amd64', os.version: '10.0', java.version: '11.0.12'
Driver info: driver.version: AndroidDriver
	at io.appium.java_client.remote.AppiumCommandExecutor$1.createSession(AppiumCommandExecutor.java:195)
	at io.appium.java_client.remote.AppiumCommandExecutor.createSession(AppiumCommandExecutor.java:209)
	at io.appium.java_client.remote.AppiumCommandExecutor.execute(AppiumCommandExecutor.java:231)
	at org.openqa.selenium.remote.RemoteWebDriver.execute(RemoteWebDriver.java:543)
	at io.appium.java_client.DefaultGenericMobileDriver.execute(DefaultGenericMobileDriver.java:42)
	at io.appium.java_client.AppiumDriver.execute(AppiumDriver.java:1)
	at io.appium.java_client.android.AndroidDriver.execute(AndroidDriver.java:1)
	at org.openqa.selenium.remote.RemoteWebDriver.startSession(RemoteWebDriver.java:207)
	at org.openqa.selenium.remote.RemoteWebDriver.<init>(RemoteWebDriver.java:130)
	at io.appium.java_client.DefaultGenericMobileDriver.<init>(DefaultGenericMobileDriver.java:38)
	at io.appium.java_client.AppiumDriver.<init>(AppiumDriver.java:84)
	at io.appium.java_client.AppiumDriver.<init>(AppiumDriver.java:94)
	at io.appium.java_client.android.AndroidDriver.<init>(AndroidDriver.java:93)
	at SurveySolution.SurveySolution_Testcase.beforeClass(SurveySolution_Testcase.java:52)
	at io.appium.java_client.remote.AppiumCommandExecutor$1.createSession(AppiumCommandExecutor.java:185)
	... 38 more
Caused by: org.openqa.selenium.WebDriverException: An unknown server-side error occurred while processing the command. Original error: Error executing adbExec. Original error: 'Command 'C:\\Users\\meet.g\\AppData\\Local\\Android\\Sdk\\platform-tools\\adb.exe -P 5037 -s emulator-5554 shell 'settings delete global hidden_api_policy_pre_p_apps;settings delete global hidden_api_policy_p_apps;settings delete global hidden_api_policy'' exited with code 20'; Stderr: 'cmd: Can't find service: settings
cmd: Can't find service: settings
cmd: Can't find service: settings'; Code: '20'
Build info: version: '3.12.0', revision: '7c6e0b3', time: '2018-05-08T14:04:26.12Z'
System info: host: 'QUASPC1210', ip: '192.168.1.210', os.name: 'Windows 10', os.arch: 'amd64', os.version: '10.0', java.version: '11.0.12'
Driver info: driver.version: AndroidDriver
remote stacktrace: UnknownError: An unknown server-side error occurred while processing the command. Original error: Error executing adbExec. Original error: 'Command 'C:\\Users\\meet.g\\AppData\\Local\\Android\\Sdk\\platform-tools\\adb.exe -P 5037 -s emulator-5554 shell 'settings delete global hidden_api_policy_pre_p_apps;settings delete global hidden_api_policy_p_apps;settings delete global hidden_api_policy'' exited with code 20'; Stderr: 'cmd: Can't find service: settings
cmd: Can't find service: settings
cmd: Can't find service: settings'; Code: '20'
    at getResponseForW3CError (C:\Users\meet.g\AppData\Local\Programs\Appium Server GUI\resources\app\node_modules\appium\node_modules\appium-base-driver\lib\protocol\errors.js:804:9)
    at asyncHandler (C:\Users\meet.g\AppData\Local\Programs\Appium Server GUI\resources\app\node_modules\appium\node_modules\appium-base-driver\lib\protocol\protocol.js:380:37)
	at org.openqa.selenium.remote.W3CHandshakeResponse.lambda$new$0(W3CHandshakeResponse.java:57)
	at org.openqa.selenium.remote.W3CHandshakeResponse.lambda$getResponseFunction$2(W3CHandshakeResponse.java:104)
	at org.openqa.selenium.remote.ProtocolHandshake.lambda$createSession$0(ProtocolHandshake.java:123)
	at java.base/java.util.stream.ReferencePipeline$3$1.accept(ReferencePipeline.java:195)
	at java.base/java.util.Spliterators$ArraySpliterator.tryAdvance(Spliterators.java:958)
	at java.base/java.util.stream.ReferencePipeline.forEachWithCancel(ReferencePipeline.java:127)
	at java.base/java.util.stream.AbstractPipeline.copyIntoWithCancel(AbstractPipeline.java:502)
	at java.base/java.util.stream.AbstractPipeline.copyInto(AbstractPipeline.java:488)
	at java.base/java.util.stream.AbstractPipeline.wrapAndCopyInto(AbstractPipeline.java:474)
	at java.base/java.util.stream.FindOps$FindOp.evaluateSequential(FindOps.java:150)
	at java.base/java.util.stream.AbstractPipeline.evaluate(AbstractPipeline.java:234)
	at java.base/java.util.stream.ReferencePipeline.findFirst(ReferencePipeline.java:543)
	at org.openqa.selenium.remote.ProtocolHandshake.createSession(ProtocolHandshake.java:126)
	... 42 more
... Removed 33 stack frames]]>
    </failure>
  </testcase> <!-- @BeforeMethod beforeClass -->
  <testcase classname="SurveySolution.SurveySolution_Testcase" name="@AfterMethod close_App" time="0.0">
    <skipped/>
  </testcase> <!-- @AfterMethod close_App -->
  <testcase classname="SurveySolution.SurveySolution_Testcase" name="@BeforeMethod beforeClass" time="0.0">
    <skipped/>
  </testcase> <!-- @BeforeMethod beforeClass -->
  <testcase classname="SurveySolution.SurveySolution_Testcase" name="@AfterMethod close_App" time="0.0">
    <skipped/>
  </testcase> <!-- @AfterMethod close_App -->
  <testcase classname="SurveySolution.SurveySolution_Testcase" name="@BeforeMethod beforeClass" time="0.0">
    <skipped/>
  </testcase> <!-- @BeforeMethod beforeClass -->
  <testcase classname="SurveySolution.SurveySolution_Testcase" name="@AfterMethod close_App" time="0.0">
    <skipped/>
  </testcase> <!-- @AfterMethod close_App -->
  <testcase classname="SurveySolution.SurveySolution_Testcase" name="@BeforeMethod beforeClass" time="0.0">
    <skipped/>
  </testcase> <!-- @BeforeMethod beforeClass -->
  <testcase classname="SurveySolution.SurveySolution_Testcase" name="@AfterMethod close_App" time="0.0">
    <skipped/>
  </testcase> <!-- @AfterMethod close_App -->
  <testcase classname="SurveySolution.SurveySolution_Testcase" name="@BeforeMethod beforeClass" time="0.0">
    <skipped/>
  </testcase> <!-- @BeforeMethod beforeClass -->
  <testcase classname="SurveySolution.SurveySolution_Testcase" name="@AfterMethod close_App" time="0.0">
    <skipped/>
  </testcase> <!-- @AfterMethod close_App -->
  <testcase classname="SurveySolution.SurveySolution_Testcase" name="@BeforeMethod beforeClass" time="0.0">
    <skipped/>
  </testcase> <!-- @BeforeMethod beforeClass -->
  <testcase classname="SurveySolution.SurveySolution_Testcase" name="@AfterMethod close_App" time="0.0">
    <skipped/>
  </testcase> <!-- @AfterMethod close_App -->
  <testcase classname="SurveySolution.SurveySolution_Testcase" name="@BeforeMethod beforeClass" time="0.0">
    <skipped/>
  </testcase> <!-- @BeforeMethod beforeClass -->
  <testcase classname="SurveySolution.SurveySolution_Testcase" name="@AfterMethod close_App" time="0.0">
    <skipped/>
  </testcase> <!-- @AfterMethod close_App -->
  <testcase classname="SurveySolution.SurveySolution_Testcase" name="@BeforeMethod beforeClass" time="0.0">
    <skipped/>
  </testcase> <!-- @BeforeMethod beforeClass -->
  <testcase classname="SurveySolution.SurveySolution_Testcase" name="@AfterMethod close_App" time="0.0">
    <skipped/>
  </testcase> <!-- @AfterMethod close_App -->
  <testcase classname="SurveySolution.SurveySolution_Testcase" name="@BeforeMethod beforeClass" time="0.0">
    <skipped/>
  </testcase> <!-- @BeforeMethod beforeClass -->
  <testcase classname="SurveySolution.SurveySolution_Testcase" name="@AfterMethod close_App" time="0.0">
    <skipped/>
  </testcase> <!-- @AfterMethod close_App -->
  <testcase classname="SurveySolution.SurveySolution_Testcase" name="@BeforeMethod beforeClass" time="0.0">
    <skipped/>
  </testcase> <!-- @BeforeMethod beforeClass -->
  <testcase classname="SurveySolution.SurveySolution_Testcase" name="@AfterMethod close_App" time="0.0">
    <skipped/>
  </testcase> <!-- @AfterMethod close_App -->
  <testcase classname="SurveySolution.SurveySolution_Testcase" name="@BeforeMethod beforeClass" time="0.0">
    <skipped/>
  </testcase> <!-- @BeforeMethod beforeClass -->
  <testcase classname="SurveySolution.SurveySolution_Testcase" name="@AfterMethod close_App" time="0.0">
    <skipped/>
  </testcase> <!-- @AfterMethod close_App -->
  <testcase classname="SurveySolution.SurveySolution_Testcase" name="@BeforeMethod beforeClass" time="0.0">
    <skipped/>
  </testcase> <!-- @BeforeMethod beforeClass -->
  <testcase classname="SurveySolution.SurveySolution_Testcase" name="@AfterMethod close_App" time="0.0">
    <skipped/>
  </testcase> <!-- @AfterMethod close_App -->
  <testcase classname="SurveySolution.SurveySolution_Testcase" name="@BeforeMethod beforeClass" time="0.0">
    <skipped/>
  </testcase> <!-- @BeforeMethod beforeClass -->
  <testcase classname="SurveySolution.SurveySolution_Testcase" name="@AfterMethod close_App" time="0.0">
    <skipped/>
  </testcase> <!-- @AfterMethod close_App -->
  <testcase classname="SurveySolution.SurveySolution_Testcase" name="@BeforeMethod beforeClass" time="0.0">
    <skipped/>
  </testcase> <!-- @BeforeMethod beforeClass -->
  <testcase classname="SurveySolution.SurveySolution_Testcase" name="@AfterMethod close_App" time="0.0">
    <skipped/>
  </testcase> <!-- @AfterMethod close_App -->
  <testcase classname="SurveySolution.SurveySolution_Testcase" name="@BeforeMethod beforeClass" time="0.0">
    <skipped/>
  </testcase> <!-- @BeforeMethod beforeClass -->
  <testcase classname="SurveySolution.SurveySolution_Testcase" name="@AfterMethod close_App" time="0.0">
    <skipped/>
  </testcase> <!-- @AfterMethod close_App -->
  <testcase classname="SurveySolution.SurveySolution_Testcase" name="@BeforeMethod beforeClass" time="0.0">
    <skipped/>
  </testcase> <!-- @BeforeMethod beforeClass -->
  <testcase classname="SurveySolution.SurveySolution_Testcase" name="@AfterMethod close_App" time="0.0">
    <skipped/>
  </testcase> <!-- @AfterMethod close_App -->
  <testcase classname="SurveySolution.SurveySolution_Testcase" name="@BeforeMethod beforeClass" time="0.0">
    <skipped/>
  </testcase> <!-- @BeforeMethod beforeClass -->
  <testcase classname="SurveySolution.SurveySolution_Testcase" name="@AfterMethod close_App" time="0.0">
    <skipped/>
  </testcase> <!-- @AfterMethod close_App -->
  <testcase classname="SurveySolution.SurveySolution_Testcase" name="@BeforeMethod beforeClass" time="0.0">
    <skipped/>
  </testcase> <!-- @BeforeMethod beforeClass -->
  <testcase classname="SurveySolution.SurveySolution_Testcase" name="@AfterMethod close_App" time="0.0">
    <skipped/>
  </testcase> <!-- @AfterMethod close_App -->
  <testcase classname="SurveySolution.SurveySolution_Testcase" name="@BeforeMethod beforeClass" time="0.0">
    <skipped/>
  </testcase> <!-- @BeforeMethod beforeClass -->
  <testcase classname="SurveySolution.SurveySolution_Testcase" name="@AfterMethod close_App" time="0.0">
    <skipped/>
  </testcase> <!-- @AfterMethod close_App -->
  <testcase classname="SurveySolution.SurveySolution_Testcase" name="@BeforeMethod beforeClass" time="0.0">
    <skipped/>
  </testcase> <!-- @BeforeMethod beforeClass -->
  <testcase classname="SurveySolution.SurveySolution_Testcase" name="@AfterMethod close_App" time="0.0">
    <skipped/>
  </testcase> <!-- @AfterMethod close_App -->
  <testcase classname="SurveySolution.SurveySolution_Testcase" name="@BeforeMethod beforeClass" time="0.0">
    <skipped/>
  </testcase> <!-- @BeforeMethod beforeClass -->
  <testcase classname="SurveySolution.SurveySolution_Testcase" name="@AfterMethod close_App" time="0.0">
    <skipped/>
  </testcase> <!-- @AfterMethod close_App -->
  <testcase classname="SurveySolution.SurveySolution_Testcase" name="@BeforeMethod beforeClass" time="0.0">
    <skipped/>
  </testcase> <!-- @BeforeMethod beforeClass -->
  <testcase classname="SurveySolution.SurveySolution_Testcase" name="@AfterMethod close_App" time="0.0">
    <skipped/>
  </testcase> <!-- @AfterMethod close_App -->
  <testcase classname="SurveySolution.SurveySolution_Testcase" name="@BeforeMethod beforeClass" time="0.0">
    <skipped/>
  </testcase> <!-- @BeforeMethod beforeClass -->
  <testcase classname="SurveySolution.SurveySolution_Testcase" name="@AfterMethod close_App" time="0.0">
    <skipped/>
  </testcase> <!-- @AfterMethod close_App -->
  <testcase classname="SurveySolution.SurveySolution_Testcase" name="@BeforeMethod beforeClass" time="0.0">
    <skipped/>
  </testcase> <!-- @BeforeMethod beforeClass -->
  <testcase classname="SurveySolution.SurveySolution_Testcase" name="@AfterMethod close_App" time="0.0">
    <skipped/>
  </testcase> <!-- @AfterMethod close_App -->
  <testcase classname="SurveySolution.SurveySolution_Testcase" name="@BeforeMethod beforeClass" time="0.0">
    <skipped/>
  </testcase> <!-- @BeforeMethod beforeClass -->
  <testcase classname="SurveySolution.SurveySolution_Testcase" name="@AfterMethod close_App" time="0.0">
    <skipped/>
  </testcase> <!-- @AfterMethod close_App -->
  <testcase classname="SurveySolution.SurveySolution_Testcase" name="@BeforeMethod beforeClass" time="0.0">
    <skipped/>
  </testcase> <!-- @BeforeMethod beforeClass -->
  <testcase classname="SurveySolution.SurveySolution_Testcase" name="@AfterMethod close_App" time="0.0">
    <skipped/>
  </testcase> <!-- @AfterMethod close_App -->
  <testcase classname="SurveySolution.SurveySolution_Testcase" name="@BeforeMethod beforeClass" time="0.0">
    <skipped/>
  </testcase> <!-- @BeforeMethod beforeClass -->
  <testcase classname="SurveySolution.SurveySolution_Testcase" name="@AfterMethod close_App" time="0.0">
    <skipped/>
  </testcase> <!-- @AfterMethod close_App -->
  <testcase classname="SurveySolution.SurveySolution_Testcase" name="@BeforeMethod beforeClass" time="0.0">
    <skipped/>
  </testcase> <!-- @BeforeMethod beforeClass -->
  <testcase classname="SurveySolution.SurveySolution_Testcase" name="@AfterMethod close_App" time="0.0">
    <skipped/>
  </testcase> <!-- @AfterMethod close_App -->
  <testcase classname="SurveySolution.SurveySolution_Testcase" name="@BeforeMethod beforeClass" time="0.0">
    <skipped/>
  </testcase> <!-- @BeforeMethod beforeClass -->
  <testcase classname="SurveySolution.SurveySolution_Testcase" name="@AfterMethod close_App" time="0.0">
    <skipped/>
  </testcase> <!-- @AfterMethod close_App -->
  <testcase classname="SurveySolution.SurveySolution_Testcase" name="@BeforeMethod beforeClass" time="0.0">
    <skipped/>
  </testcase> <!-- @BeforeMethod beforeClass -->
  <testcase classname="SurveySolution.SurveySolution_Testcase" name="@AfterMethod close_App" time="0.0">
    <skipped/>
  </testcase> <!-- @AfterMethod close_App -->
  <testcase classname="SurveySolution.SurveySolution_Testcase" name="@BeforeMethod beforeClass" time="0.0">
    <skipped/>
  </testcase> <!-- @BeforeMethod beforeClass -->
  <testcase classname="SurveySolution.SurveySolution_Testcase" name="@AfterMethod close_App" time="0.0">
    <skipped/>
  </testcase> <!-- @AfterMethod close_App -->
  <testcase classname="SurveySolution.SurveySolution_Testcase" name="@BeforeMethod beforeClass" time="0.0">
    <skipped/>
  </testcase> <!-- @BeforeMethod beforeClass -->
  <testcase classname="SurveySolution.SurveySolution_Testcase" name="@AfterMethod close_App" time="0.0">
    <skipped/>
  </testcase> <!-- @AfterMethod close_App -->
  <testcase classname="SurveySolution.SurveySolution_Testcase" name="@BeforeMethod beforeClass" time="0.0">
    <skipped/>
  </testcase> <!-- @BeforeMethod beforeClass -->
  <testcase classname="SurveySolution.SurveySolution_Testcase" name="@AfterMethod close_App" time="0.0">
    <skipped/>
  </testcase> <!-- @AfterMethod close_App -->
  <testcase classname="SurveySolution.SurveySolution_Testcase" name="@BeforeMethod beforeClass" time="0.0">
    <skipped/>
  </testcase> <!-- @BeforeMethod beforeClass -->
  <testcase classname="SurveySolution.SurveySolution_Testcase" name="@AfterMethod close_App" time="0.0">
    <skipped/>
  </testcase> <!-- @AfterMethod close_App -->
  <testcase classname="SurveySolution.SurveySolution_Testcase" name="@BeforeMethod beforeClass" time="0.0">
    <skipped/>
  </testcase> <!-- @BeforeMethod beforeClass -->
  <testcase classname="SurveySolution.SurveySolution_Testcase" name="@AfterMethod close_App" time="0.0">
    <skipped/>
  </testcase> <!-- @AfterMethod close_App -->
  <testcase classname="SurveySolution.SurveySolution_Testcase" name="@BeforeMethod beforeClass" time="0.0">
    <skipped/>
  </testcase> <!-- @BeforeMethod beforeClass -->
  <testcase classname="SurveySolution.SurveySolution_Testcase" name="@AfterMethod close_App" time="0.0">
    <skipped/>
  </testcase> <!-- @AfterMethod close_App -->
  <testcase classname="SurveySolution.SurveySolution_Testcase" name="@BeforeMethod beforeClass" time="0.0">
    <skipped/>
  </testcase> <!-- @BeforeMethod beforeClass -->
  <testcase classname="SurveySolution.SurveySolution_Testcase" name="@AfterMethod close_App" time="0.0">
    <skipped/>
  </testcase> <!-- @AfterMethod close_App -->
  <testcase classname="SurveySolution.SurveySolution_Testcase" name="@BeforeMethod beforeClass" time="0.0">
    <skipped/>
  </testcase> <!-- @BeforeMethod beforeClass -->
  <testcase classname="SurveySolution.SurveySolution_Testcase" name="@AfterMethod close_App" time="0.0">
    <skipped/>
  </testcase> <!-- @AfterMethod close_App -->
  <testcase classname="SurveySolution.SurveySolution_Testcase" name="@BeforeMethod beforeClass" time="0.0">
    <skipped/>
  </testcase> <!-- @BeforeMethod beforeClass -->
  <testcase classname="SurveySolution.SurveySolution_Testcase" name="@AfterMethod close_App" time="0.0">
    <skipped/>
  </testcase> <!-- @AfterMethod close_App -->
  <testcase classname="SurveySolution.SurveySolution_Testcase" name="@BeforeMethod beforeClass" time="0.0">
    <skipped/>
  </testcase> <!-- @BeforeMethod beforeClass -->
  <testcase classname="SurveySolution.SurveySolution_Testcase" name="@AfterMethod close_App" time="0.0">
    <skipped/>
  </testcase> <!-- @AfterMethod close_App -->
  <testcase classname="SurveySolution.SurveySolution_Testcase" name="@BeforeMethod beforeClass" time="0.0">
    <skipped/>
  </testcase> <!-- @BeforeMethod beforeClass -->
  <testcase classname="SurveySolution.SurveySolution_Testcase" name="@AfterMethod close_App" time="0.0">
    <skipped/>
  </testcase> <!-- @AfterMethod close_App -->
  <testcase classname="SurveySolution.SurveySolution_Testcase" name="@BeforeMethod beforeClass" time="0.0">
    <skipped/>
  </testcase> <!-- @BeforeMethod beforeClass -->
  <testcase classname="SurveySolution.SurveySolution_Testcase" name="@AfterMethod close_App" time="0.0">
    <skipped/>
  </testcase> <!-- @AfterMethod close_App -->
  <testcase classname="SurveySolution.SurveySolution_Testcase" name="@BeforeMethod beforeClass" time="0.0">
    <skipped/>
  </testcase> <!-- @BeforeMethod beforeClass -->
  <testcase classname="SurveySolution.SurveySolution_Testcase" name="@AfterMethod close_App" time="0.0">
    <skipped/>
  </testcase> <!-- @AfterMethod close_App -->
  <testcase classname="SurveySolution.SurveySolution_Testcase" name="@BeforeMethod beforeClass" time="0.0">
    <skipped/>
  </testcase> <!-- @BeforeMethod beforeClass -->
  <testcase classname="SurveySolution.SurveySolution_Testcase" name="@AfterMethod close_App" time="0.0">
    <skipped/>
  </testcase> <!-- @AfterMethod close_App -->
  <testcase classname="SurveySolution.SurveySolution_Testcase" name="@BeforeMethod beforeClass" time="0.0">
    <skipped/>
  </testcase> <!-- @BeforeMethod beforeClass -->
  <testcase classname="SurveySolution.SurveySolution_Testcase" name="@AfterMethod close_App" time="0.0">
    <skipped/>
  </testcase> <!-- @AfterMethod close_App -->
  <testcase classname="SurveySolution.SurveySolution_Testcase" name="@BeforeMethod beforeClass" time="0.0">
    <skipped/>
  </testcase> <!-- @BeforeMethod beforeClass -->
  <testcase classname="SurveySolution.SurveySolution_Testcase" name="@AfterMethod close_App" time="0.0">
    <skipped/>
  </testcase> <!-- @AfterMethod close_App -->
  <testcase classname="SurveySolution.SurveySolution_Testcase" name="@BeforeMethod beforeClass" time="0.0">
    <skipped/>
  </testcase> <!-- @BeforeMethod beforeClass -->
  <testcase classname="SurveySolution.SurveySolution_Testcase" name="@AfterMethod close_App" time="0.0">
    <skipped/>
  </testcase> <!-- @AfterMethod close_App -->
  <testcase classname="SurveySolution.SurveySolution_Testcase" name="@BeforeMethod beforeClass" time="0.0">
    <skipped/>
  </testcase> <!-- @BeforeMethod beforeClass -->
  <testcase classname="SurveySolution.SurveySolution_Testcase" name="@AfterMethod close_App" time="0.0">
    <skipped/>
  </testcase> <!-- @AfterMethod close_App -->
  <testcase classname="SurveySolution.SurveySolution_Testcase" name="@BeforeMethod beforeClass" time="0.0">
    <skipped/>
  </testcase> <!-- @BeforeMethod beforeClass -->
  <testcase classname="SurveySolution.SurveySolution_Testcase" name="@AfterMethod close_App" time="0.0">
    <skipped/>
  </testcase> <!-- @AfterMethod close_App -->
  <testcase classname="SurveySolution.SurveySolution_Testcase" name="@BeforeMethod beforeClass" time="0.0">
    <skipped/>
  </testcase> <!-- @BeforeMethod beforeClass -->
  <testcase classname="SurveySolution.SurveySolution_Testcase" name="@AfterMethod close_App" time="0.0">
    <skipped/>
  </testcase> <!-- @AfterMethod close_App -->
  <testcase classname="SurveySolution.SurveySolution_Testcase" name="@BeforeMethod beforeClass" time="0.0">
    <skipped/>
  </testcase> <!-- @BeforeMethod beforeClass -->
  <testcase classname="SurveySolution.SurveySolution_Testcase" name="@AfterMethod close_App" time="0.0">
    <skipped/>
  </testcase> <!-- @AfterMethod close_App -->
  <testcase classname="SurveySolution.SurveySolution_Testcase" name="@BeforeMethod beforeClass" time="0.0">
    <skipped/>
  </testcase> <!-- @BeforeMethod beforeClass -->
  <testcase classname="SurveySolution.SurveySolution_Testcase" name="@AfterMethod close_App" time="0.0">
    <skipped/>
  </testcase> <!-- @AfterMethod close_App -->
  <testcase classname="SurveySolution.SurveySolution_Testcase" name="@BeforeMethod beforeClass" time="0.0">
    <skipped/>
  </testcase> <!-- @BeforeMethod beforeClass -->
  <testcase classname="SurveySolution.SurveySolution_Testcase" name="@AfterMethod close_App" time="0.0">
    <skipped/>
  </testcase> <!-- @AfterMethod close_App -->
  <testcase classname="SurveySolution.SurveySolution_Testcase" name="@BeforeMethod beforeClass" time="0.0">
    <skipped/>
  </testcase> <!-- @BeforeMethod beforeClass -->
  <testcase classname="SurveySolution.SurveySolution_Testcase" name="@AfterMethod close_App" time="0.0">
    <skipped/>
  </testcase> <!-- @AfterMethod close_App -->
  <testcase classname="SurveySolution.SurveySolution_Testcase" name="@BeforeMethod beforeClass" time="0.0">
    <skipped/>
  </testcase> <!-- @BeforeMethod beforeClass -->
  <testcase classname="SurveySolution.SurveySolution_Testcase" name="@AfterMethod close_App" time="0.0">
    <skipped/>
  </testcase> <!-- @AfterMethod close_App -->
  <testcase classname="SurveySolution.SurveySolution_Testcase" name="@BeforeMethod beforeClass" time="0.0">
    <skipped/>
  </testcase> <!-- @BeforeMethod beforeClass -->
  <testcase classname="SurveySolution.SurveySolution_Testcase" name="@AfterMethod close_App" time="0.0">
    <skipped/>
  </testcase> <!-- @AfterMethod close_App -->
  <testcase classname="SurveySolution.SurveySolution_Testcase" name="@BeforeMethod beforeClass" time="0.0">
    <skipped/>
  </testcase> <!-- @BeforeMethod beforeClass -->
  <testcase classname="SurveySolution.SurveySolution_Testcase" name="@AfterMethod close_App" time="0.0">
    <skipped/>
  </testcase> <!-- @AfterMethod close_App -->
  <testcase classname="SurveySolution.SurveySolution_Testcase" name="@BeforeMethod beforeClass" time="0.0">
    <skipped/>
  </testcase> <!-- @BeforeMethod beforeClass -->
  <testcase classname="SurveySolution.SurveySolution_Testcase" name="@AfterMethod close_App" time="0.0">
    <skipped/>
  </testcase> <!-- @AfterMethod close_App -->
  <testcase classname="SurveySolution.SurveySolution_Testcase" name="@BeforeMethod beforeClass" time="0.0">
    <skipped/>
  </testcase> <!-- @BeforeMethod beforeClass -->
  <testcase classname="SurveySolution.SurveySolution_Testcase" name="@AfterMethod close_App" time="0.0">
    <skipped/>
  </testcase> <!-- @AfterMethod close_App -->
  <testcase classname="SurveySolution.SurveySolution_Testcase" name="@BeforeMethod beforeClass" time="0.0">
    <skipped/>
  </testcase> <!-- @BeforeMethod beforeClass -->
  <testcase classname="SurveySolution.SurveySolution_Testcase" name="@AfterMethod close_App" time="0.0">
    <skipped/>
  </testcase> <!-- @AfterMethod close_App -->
  <testcase classname="SurveySolution.SurveySolution_Testcase" name="@BeforeMethod beforeClass" time="0.0">
    <skipped/>
  </testcase> <!-- @BeforeMethod beforeClass -->
  <testcase classname="SurveySolution.SurveySolution_Testcase" name="@AfterMethod close_App" time="0.0">
    <skipped/>
  </testcase> <!-- @AfterMethod close_App -->
  <testcase classname="SurveySolution.SurveySolution_Testcase" name="@BeforeMethod beforeClass" time="0.0">
    <skipped/>
  </testcase> <!-- @BeforeMethod beforeClass -->
  <testcase classname="SurveySolution.SurveySolution_Testcase" name="@AfterMethod close_App" time="0.0">
    <skipped/>
  </testcase> <!-- @AfterMethod close_App -->
  <testcase classname="SurveySolution.SurveySolution_Testcase" name="@BeforeMethod beforeClass" time="0.0">
    <skipped/>
  </testcase> <!-- @BeforeMethod beforeClass -->
  <testcase classname="SurveySolution.SurveySolution_Testcase" name="@AfterMethod close_App" time="0.0">
    <skipped/>
  </testcase> <!-- @AfterMethod close_App -->
  <testcase classname="SurveySolution.SurveySolution_Testcase" name="@BeforeMethod beforeClass" time="0.0">
    <skipped/>
  </testcase> <!-- @BeforeMethod beforeClass -->
  <testcase classname="SurveySolution.SurveySolution_Testcase" name="@AfterMethod close_App" time="0.0">
    <skipped/>
  </testcase> <!-- @AfterMethod close_App -->
  <testcase classname="SurveySolution.SurveySolution_Testcase" name="@BeforeMethod beforeClass" time="0.0">
    <skipped/>
  </testcase> <!-- @BeforeMethod beforeClass -->
  <testcase classname="SurveySolution.SurveySolution_Testcase" name="@AfterMethod close_App" time="0.0">
    <skipped/>
  </testcase> <!-- @AfterMethod close_App -->
  <testcase classname="SurveySolution.SurveySolution_Testcase" name="@BeforeMethod beforeClass" time="0.0">
    <skipped/>
  </testcase> <!-- @BeforeMethod beforeClass -->
  <testcase classname="SurveySolution.SurveySolution_Testcase" name="@AfterMethod close_App" time="0.0">
    <skipped/>
  </testcase> <!-- @AfterMethod close_App -->
  <testcase classname="SurveySolution.SurveySolution_Testcase" name="@BeforeMethod beforeClass" time="0.0">
    <skipped/>
  </testcase> <!-- @BeforeMethod beforeClass -->
  <testcase classname="SurveySolution.SurveySolution_Testcase" name="@AfterMethod close_App" time="0.0">
    <skipped/>
  </testcase> <!-- @AfterMethod close_App -->
  <testcase classname="SurveySolution.SurveySolution_Testcase" name="@BeforeMethod beforeClass" time="0.0">
    <skipped/>
  </testcase> <!-- @BeforeMethod beforeClass -->
  <testcase classname="SurveySolution.SurveySolution_Testcase" name="@AfterMethod close_App" time="0.0">
    <skipped/>
  </testcase> <!-- @AfterMethod close_App -->
  <testcase classname="SurveySolution.SurveySolution_Testcase" name="@BeforeMethod beforeClass" time="0.0">
    <skipped/>
  </testcase> <!-- @BeforeMethod beforeClass -->
  <testcase classname="SurveySolution.SurveySolution_Testcase" name="@AfterMethod close_App" time="0.0">
    <skipped/>
  </testcase> <!-- @AfterMethod close_App -->
  <testcase classname="SurveySolution.SurveySolution_Testcase" name="@BeforeMethod beforeClass" time="0.0">
    <skipped/>
  </testcase> <!-- @BeforeMethod beforeClass -->
  <testcase classname="SurveySolution.SurveySolution_Testcase" name="@AfterMethod close_App" time="0.0">
    <skipped/>
  </testcase> <!-- @AfterMethod close_App -->
  <testcase classname="SurveySolution.SurveySolution_Testcase" name="@BeforeMethod beforeClass" time="0.0">
    <skipped/>
  </testcase> <!-- @BeforeMethod beforeClass -->
  <testcase classname="SurveySolution.SurveySolution_Testcase" name="@AfterMethod close_App" time="0.0">
    <skipped/>
  </testcase> <!-- @AfterMethod close_App -->
  <testcase classname="SurveySolution.SurveySolution_Testcase" name="@BeforeMethod beforeClass" time="0.0">
    <skipped/>
  </testcase> <!-- @BeforeMethod beforeClass -->
  <testcase classname="SurveySolution.SurveySolution_Testcase" name="@AfterMethod close_App" time="0.0">
    <skipped/>
  </testcase> <!-- @AfterMethod close_App -->
  <testcase classname="SurveySolution.SurveySolution_Testcase" name="@BeforeMethod beforeClass" time="0.0">
    <skipped/>
  </testcase> <!-- @BeforeMethod beforeClass -->
  <testcase classname="SurveySolution.SurveySolution_Testcase" name="@AfterMethod close_App" time="0.0">
    <skipped/>
  </testcase> <!-- @AfterMethod close_App -->
  <testcase classname="SurveySolution.SurveySolution_Testcase" name="@BeforeMethod beforeClass" time="0.0">
    <skipped/>
  </testcase> <!-- @BeforeMethod beforeClass -->
  <testcase classname="SurveySolution.SurveySolution_Testcase" name="@AfterMethod close_App" time="0.0">
    <skipped/>
  </testcase> <!-- @AfterMethod close_App -->
  <testcase classname="SurveySolution.SurveySolution_Testcase" name="@BeforeMethod beforeClass" time="0.0">
    <skipped/>
  </testcase> <!-- @BeforeMethod beforeClass -->
  <testcase classname="SurveySolution.SurveySolution_Testcase" name="@AfterMethod close_App" time="0.0">
    <skipped/>
  </testcase> <!-- @AfterMethod close_App -->
  <testcase classname="SurveySolution.SurveySolution_Testcase" name="@BeforeMethod beforeClass" time="0.0">
    <skipped/>
  </testcase> <!-- @BeforeMethod beforeClass -->
  <testcase classname="SurveySolution.SurveySolution_Testcase" name="@AfterMethod close_App" time="0.0">
    <skipped/>
  </testcase> <!-- @AfterMethod close_App -->
  <testcase classname="SurveySolution.SurveySolution_Testcase" name="@BeforeMethod beforeClass" time="0.0">
    <skipped/>
  </testcase> <!-- @BeforeMethod beforeClass -->
  <testcase classname="SurveySolution.SurveySolution_Testcase" name="@AfterMethod close_App" time="0.0">
    <skipped/>
  </testcase> <!-- @AfterMethod close_App -->
  <testcase classname="SurveySolution.SurveySolution_Testcase" name="@BeforeMethod beforeClass" time="0.0">
    <skipped/>
  </testcase> <!-- @BeforeMethod beforeClass -->
  <testcase classname="SurveySolution.SurveySolution_Testcase" name="@AfterMethod close_App" time="0.0">
    <skipped/>
  </testcase> <!-- @AfterMethod close_App -->
  <testcase classname="SurveySolution.SurveySolution_Testcase" name="@BeforeMethod beforeClass" time="0.0">
    <skipped/>
  </testcase> <!-- @BeforeMethod beforeClass -->
  <testcase classname="SurveySolution.SurveySolution_Testcase" name="@AfterMethod close_App" time="0.0">
    <skipped/>
  </testcase> <!-- @AfterMethod close_App -->
  <testcase classname="SurveySolution.SurveySolution_Testcase" name="@BeforeMethod beforeClass" time="0.0">
    <skipped/>
  </testcase> <!-- @BeforeMethod beforeClass -->
  <testcase classname="SurveySolution.SurveySolution_Testcase" name="@AfterMethod close_App" time="0.0">
    <skipped/>
  </testcase> <!-- @AfterMethod close_App -->
  <testcase classname="SurveySolution.SurveySolution_Testcase" name="@BeforeMethod beforeClass" time="0.0">
    <skipped/>
  </testcase> <!-- @BeforeMethod beforeClass -->
  <testcase classname="SurveySolution.SurveySolution_Testcase" name="@AfterMethod close_App" time="0.0">
    <skipped/>
  </testcase> <!-- @AfterMethod close_App -->
  <testcase classname="SurveySolution.SurveySolution_Testcase" name="@BeforeMethod beforeClass" time="0.0">
    <skipped/>
  </testcase> <!-- @BeforeMethod beforeClass -->
  <testcase classname="SurveySolution.SurveySolution_Testcase" name="@AfterMethod close_App" time="0.0">
    <skipped/>
  </testcase> <!-- @AfterMethod close_App -->
  <testcase classname="SurveySolution.SurveySolution_Testcase" name="@BeforeMethod beforeClass" time="0.0">
    <skipped/>
  </testcase> <!-- @BeforeMethod beforeClass -->
  <testcase classname="SurveySolution.SurveySolution_Testcase" name="@AfterMethod close_App" time="0.0">
    <skipped/>
  </testcase> <!-- @AfterMethod close_App -->
  <testcase classname="SurveySolution.SurveySolution_Testcase" name="@BeforeMethod beforeClass" time="0.0">
    <skipped/>
  </testcase> <!-- @BeforeMethod beforeClass -->
  <testcase classname="SurveySolution.SurveySolution_Testcase" name="@AfterMethod close_App" time="0.0">
    <skipped/>
  </testcase> <!-- @AfterMethod close_App -->
  <testcase classname="SurveySolution.SurveySolution_Testcase" name="@BeforeMethod beforeClass" time="0.0">
    <skipped/>
  </testcase> <!-- @BeforeMethod beforeClass -->
  <testcase classname="SurveySolution.SurveySolution_Testcase" name="@AfterMethod close_App" time="0.0">
    <skipped/>
  </testcase> <!-- @AfterMethod close_App -->
  <testcase classname="SurveySolution.SurveySolution_Testcase" name="@BeforeMethod beforeClass" time="0.0">
    <skipped/>
  </testcase> <!-- @BeforeMethod beforeClass -->
  <testcase classname="SurveySolution.SurveySolution_Testcase" name="@AfterMethod close_App" time="0.0">
    <skipped/>
  </testcase> <!-- @AfterMethod close_App -->
  <testcase classname="SurveySolution.SurveySolution_Testcase" name="@BeforeMethod beforeClass" time="0.0">
    <skipped/>
  </testcase> <!-- @BeforeMethod beforeClass -->
  <testcase classname="SurveySolution.SurveySolution_Testcase" name="@AfterMethod close_App" time="0.0">
    <skipped/>
  </testcase> <!-- @AfterMethod close_App -->
  <testcase classname="SurveySolution.SurveySolution_Testcase" name="@BeforeMethod beforeClass" time="0.0">
    <skipped/>
  </testcase> <!-- @BeforeMethod beforeClass -->
  <testcase classname="SurveySolution.SurveySolution_Testcase" name="@AfterMethod close_App" time="0.0">
    <skipped/>
  </testcase> <!-- @AfterMethod close_App -->
  <testcase classname="SurveySolution.SurveySolution_Testcase" name="@BeforeMethod beforeClass" time="0.0">
    <skipped/>
  </testcase> <!-- @BeforeMethod beforeClass -->
  <testcase classname="SurveySolution.SurveySolution_Testcase" name="@AfterMethod close_App" time="0.0">
    <skipped/>
  </testcase> <!-- @AfterMethod close_App -->
  <testcase classname="SurveySolution.SurveySolution_Testcase" name="@BeforeMethod beforeClass" time="0.0">
    <skipped/>
  </testcase> <!-- @BeforeMethod beforeClass -->
  <testcase classname="SurveySolution.SurveySolution_Testcase" name="@AfterMethod close_App" time="0.0">
    <skipped/>
  </testcase> <!-- @AfterMethod close_App -->
  <testcase classname="SurveySolution.SurveySolution_Testcase" name="@BeforeMethod beforeClass" time="0.0">
    <skipped/>
  </testcase> <!-- @BeforeMethod beforeClass -->
  <testcase classname="SurveySolution.SurveySolution_Testcase" name="@AfterMethod close_App" time="0.0">
    <skipped/>
  </testcase> <!-- @AfterMethod close_App -->
  <testcase classname="SurveySolution.SurveySolution_Testcase" name="@BeforeMethod beforeClass" time="0.0">
    <skipped/>
  </testcase> <!-- @BeforeMethod beforeClass -->
  <testcase classname="SurveySolution.SurveySolution_Testcase" name="@AfterMethod close_App" time="0.0">
    <skipped/>
  </testcase> <!-- @AfterMethod close_App -->
  <testcase classname="SurveySolution.SurveySolution_Testcase" name="@BeforeMethod beforeClass" time="0.0">
    <skipped/>
  </testcase> <!-- @BeforeMethod beforeClass -->
  <testcase classname="SurveySolution.SurveySolution_Testcase" name="@AfterMethod close_App" time="0.0">
    <skipped/>
  </testcase> <!-- @AfterMethod close_App -->
  <testcase classname="SurveySolution.SurveySolution_Testcase" name="@BeforeMethod beforeClass" time="0.0">
    <skipped/>
  </testcase> <!-- @BeforeMethod beforeClass -->
  <testcase classname="SurveySolution.SurveySolution_Testcase" name="@AfterMethod close_App" time="0.0">
    <skipped/>
  </testcase> <!-- @AfterMethod close_App -->
  <testcase classname="SurveySolution.SurveySolution_Testcase" name="@BeforeMethod beforeClass" time="0.0">
    <skipped/>
  </testcase> <!-- @BeforeMethod beforeClass -->
  <testcase classname="SurveySolution.SurveySolution_Testcase" name="@AfterMethod close_App" time="0.0">
    <skipped/>
  </testcase> <!-- @AfterMethod close_App -->
  <testcase classname="SurveySolution.SurveySolution_Testcase" name="@BeforeMethod beforeClass" time="0.0">
    <skipped/>
  </testcase> <!-- @BeforeMethod beforeClass -->
  <testcase classname="SurveySolution.SurveySolution_Testcase" name="@AfterMethod close_App" time="0.0">
    <skipped/>
  </testcase> <!-- @AfterMethod close_App -->
  <testcase classname="SurveySolution.SurveySolution_Testcase" name="@BeforeMethod beforeClass" time="0.0">
    <skipped/>
  </testcase> <!-- @BeforeMethod beforeClass -->
  <testcase classname="SurveySolution.SurveySolution_Testcase" name="@AfterMethod close_App" time="0.0">
    <skipped/>
  </testcase> <!-- @AfterMethod close_App -->
  <testcase classname="SurveySolution.SurveySolution_Testcase" name="@BeforeMethod beforeClass" time="0.0">
    <skipped/>
  </testcase> <!-- @BeforeMethod beforeClass -->
  <testcase classname="SurveySolution.SurveySolution_Testcase" name="@AfterMethod close_App" time="0.0">
    <skipped/>
  </testcase> <!-- @AfterMethod close_App -->
  <testcase classname="SurveySolution.SurveySolution_Testcase" name="@BeforeMethod beforeClass" time="0.0">
    <skipped/>
  </testcase> <!-- @BeforeMethod beforeClass -->
  <testcase classname="SurveySolution.SurveySolution_Testcase" name="@AfterMethod close_App" time="0.0">
    <skipped/>
  </testcase> <!-- @AfterMethod close_App -->
  <testcase classname="SurveySolution.SurveySolution_Testcase" name="@BeforeMethod beforeClass" time="0.0">
    <skipped/>
  </testcase> <!-- @BeforeMethod beforeClass -->
  <testcase classname="SurveySolution.SurveySolution_Testcase" name="@AfterMethod close_App" time="0.0">
    <skipped/>
  </testcase> <!-- @AfterMethod close_App -->
  <testcase classname="SurveySolution.SurveySolution_Testcase" name="@BeforeMethod beforeClass" time="0.0">
    <skipped/>
  </testcase> <!-- @BeforeMethod beforeClass -->
  <testcase classname="SurveySolution.SurveySolution_Testcase" name="@AfterMethod close_App" time="0.0">
    <skipped/>
  </testcase> <!-- @AfterMethod close_App -->
  <testcase classname="SurveySolution.SurveySolution_Testcase" name="@BeforeMethod beforeClass" time="0.0">
    <skipped/>
  </testcase> <!-- @BeforeMethod beforeClass -->
  <testcase classname="SurveySolution.SurveySolution_Testcase" name="@AfterMethod close_App" time="0.0">
    <skipped/>
  </testcase> <!-- @AfterMethod close_App -->
  <testcase classname="SurveySolution.SurveySolution_Testcase" name="@BeforeMethod beforeClass" time="0.0">
    <skipped/>
  </testcase> <!-- @BeforeMethod beforeClass -->
  <testcase classname="SurveySolution.SurveySolution_Testcase" name="@AfterMethod close_App" time="0.0">
    <skipped/>
  </testcase> <!-- @AfterMethod close_App -->
  <testcase classname="SurveySolution.SurveySolution_Testcase" name="@BeforeMethod beforeClass" time="0.0">
    <skipped/>
  </testcase> <!-- @BeforeMethod beforeClass -->
  <testcase classname="SurveySolution.SurveySolution_Testcase" name="@AfterMethod close_App" time="0.0">
    <skipped/>
  </testcase> <!-- @AfterMethod close_App -->
  <testcase classname="SurveySolution.SurveySolution_Testcase" name="@BeforeMethod beforeClass" time="0.0">
    <skipped/>
  </testcase> <!-- @BeforeMethod beforeClass -->
  <testcase classname="SurveySolution.SurveySolution_Testcase" name="@AfterMethod close_App" time="0.0">
    <skipped/>
  </testcase> <!-- @AfterMethod close_App -->
  <testcase classname="SurveySolution.SurveySolution_Testcase" name="@BeforeMethod beforeClass" time="0.0">
    <skipped/>
  </testcase> <!-- @BeforeMethod beforeClass -->
  <testcase classname="SurveySolution.SurveySolution_Testcase" name="@AfterMethod close_App" time="0.0">
    <skipped/>
  </testcase> <!-- @AfterMethod close_App -->
  <testcase classname="SurveySolution.SurveySolution_Testcase" name="@BeforeMethod beforeClass" time="0.0">
    <skipped/>
  </testcase> <!-- @BeforeMethod beforeClass -->
  <testcase classname="SurveySolution.SurveySolution_Testcase" name="@AfterMethod close_App" time="0.0">
    <skipped/>
  </testcase> <!-- @AfterMethod close_App -->
  <testcase classname="SurveySolution.SurveySolution_Testcase" name="@BeforeMethod beforeClass" time="0.0">
    <skipped/>
  </testcase> <!-- @BeforeMethod beforeClass -->
  <testcase classname="SurveySolution.SurveySolution_Testcase" name="@AfterMethod close_App" time="0.0">
    <skipped/>
  </testcase> <!-- @AfterMethod close_App -->
  <testcase classname="SurveySolution.SurveySolution_Testcase" name="@BeforeMethod beforeClass" time="0.0">
    <skipped/>
  </testcase> <!-- @BeforeMethod beforeClass -->
  <testcase classname="SurveySolution.SurveySolution_Testcase" name="@AfterMethod close_App" time="0.0">
    <skipped/>
  </testcase> <!-- @AfterMethod close_App -->
  <testcase classname="SurveySolution.SurveySolution_Testcase" name="@BeforeMethod beforeClass" time="0.0">
    <skipped/>
  </testcase> <!-- @BeforeMethod beforeClass -->
  <testcase classname="SurveySolution.SurveySolution_Testcase" name="@AfterMethod close_App" time="0.0">
    <skipped/>
  </testcase> <!-- @AfterMethod close_App -->
  <testcase classname="SurveySolution.SurveySolution_Testcase" name="@BeforeMethod beforeClass" time="0.0">
    <skipped/>
  </testcase> <!-- @BeforeMethod beforeClass -->
  <testcase classname="SurveySolution.SurveySolution_Testcase" name="@AfterMethod close_App" time="0.0">
    <skipped/>
  </testcase> <!-- @AfterMethod close_App -->
  <testcase classname="SurveySolution.SurveySolution_Testcase" name="@BeforeMethod beforeClass" time="0.0">
    <skipped/>
  </testcase> <!-- @BeforeMethod beforeClass -->
  <testcase classname="SurveySolution.SurveySolution_Testcase" name="@AfterMethod close_App" time="0.0">
    <skipped/>
  </testcase> <!-- @AfterMethod close_App -->
  <testcase classname="SurveySolution.SurveySolution_Testcase" name="@BeforeMethod beforeClass" time="0.0">
    <skipped/>
  </testcase> <!-- @BeforeMethod beforeClass -->
  <testcase classname="SurveySolution.SurveySolution_Testcase" name="@AfterMethod close_App" time="0.0">
    <skipped/>
  </testcase> <!-- @AfterMethod close_App -->
  <testcase classname="SurveySolution.SurveySolution_Testcase" name="@BeforeMethod beforeClass" time="0.0">
    <skipped/>
  </testcase> <!-- @BeforeMethod beforeClass -->
  <testcase classname="SurveySolution.SurveySolution_Testcase" name="@AfterMethod close_App" time="0.0">
    <skipped/>
  </testcase> <!-- @AfterMethod close_App -->
  <testcase classname="SurveySolution.SurveySolution_Testcase" name="@BeforeMethod beforeClass" time="0.0">
    <skipped/>
  </testcase> <!-- @BeforeMethod beforeClass -->
  <testcase classname="SurveySolution.SurveySolution_Testcase" name="@AfterMethod close_App" time="0.0">
    <skipped/>
  </testcase> <!-- @AfterMethod close_App -->
  <testcase classname="SurveySolution.SurveySolution_Testcase" name="@BeforeMethod beforeClass" time="0.0">
    <skipped/>
  </testcase> <!-- @BeforeMethod beforeClass -->
  <testcase classname="SurveySolution.SurveySolution_Testcase" name="@AfterMethod close_App" time="0.0">
    <skipped/>
  </testcase> <!-- @AfterMethod close_App -->
  <testcase classname="SurveySolution.SurveySolution_Testcase" name="@BeforeMethod beforeClass" time="0.0">
    <skipped/>
  </testcase> <!-- @BeforeMethod beforeClass -->
  <testcase classname="SurveySolution.SurveySolution_Testcase" name="@AfterMethod close_App" time="0.0">
    <skipped/>
  </testcase> <!-- @AfterMethod close_App -->
  <testcase classname="SurveySolution.SurveySolution_Testcase" name="@BeforeMethod beforeClass" time="0.0">
    <skipped/>
  </testcase> <!-- @BeforeMethod beforeClass -->
  <testcase classname="SurveySolution.SurveySolution_Testcase" name="@AfterMethod close_App" time="0.0">
    <skipped/>
  </testcase> <!-- @AfterMethod close_App -->
  <testcase classname="SurveySolution.SurveySolution_Testcase" name="@BeforeMethod beforeClass" time="0.0">
    <skipped/>
  </testcase> <!-- @BeforeMethod beforeClass -->
  <testcase classname="SurveySolution.SurveySolution_Testcase" name="@AfterMethod close_App" time="0.0">
    <skipped/>
  </testcase> <!-- @AfterMethod close_App -->
  <testcase classname="SurveySolution.SurveySolution_Testcase" name="@BeforeMethod beforeClass" time="0.0">
    <skipped/>
  </testcase> <!-- @BeforeMethod beforeClass -->
  <testcase classname="SurveySolution.SurveySolution_Testcase" name="@AfterMethod close_App" time="0.0">
    <skipped/>
  </testcase> <!-- @AfterMethod close_App -->
  <testcase classname="SurveySolution.SurveySolution_Testcase" name="@BeforeMethod beforeClass" time="0.0">
    <skipped/>
  </testcase> <!-- @BeforeMethod beforeClass -->
  <testcase classname="SurveySolution.SurveySolution_Testcase" name="@AfterMethod close_App" time="0.0">
    <skipped/>
  </testcase> <!-- @AfterMethod close_App -->
  <testcase classname="SurveySolution.SurveySolution_Testcase" name="@BeforeMethod beforeClass" time="0.0">
    <skipped/>
  </testcase> <!-- @BeforeMethod beforeClass -->
  <testcase classname="SurveySolution.SurveySolution_Testcase" name="@AfterMethod close_App" time="0.0">
    <skipped/>
  </testcase> <!-- @AfterMethod close_App -->
  <testcase classname="SurveySolution.SurveySolution_Testcase" name="@BeforeMethod beforeClass" time="0.0">
    <skipped/>
  </testcase> <!-- @BeforeMethod beforeClass -->
  <testcase classname="SurveySolution.SurveySolution_Testcase" name="@AfterMethod close_App" time="0.0">
    <skipped/>
  </testcase> <!-- @AfterMethod close_App -->
  <testcase classname="SurveySolution.SurveySolution_Testcase" name="@BeforeMethod beforeClass" time="0.0">
    <skipped/>
  </testcase> <!-- @BeforeMethod beforeClass -->
  <testcase classname="SurveySolution.SurveySolution_Testcase" name="@AfterMethod close_App" time="0.0">
    <skipped/>
  </testcase> <!-- @AfterMethod close_App -->
  <testcase classname="SurveySolution.SurveySolution_Testcase" name="@BeforeMethod beforeClass" time="0.0">
    <skipped/>
  </testcase> <!-- @BeforeMethod beforeClass -->
  <testcase classname="SurveySolution.SurveySolution_Testcase" name="@AfterMethod close_App" time="0.0">
    <skipped/>
  </testcase> <!-- @AfterMethod close_App -->
  <testcase classname="SurveySolution.SurveySolution_Testcase" name="@BeforeMethod beforeClass" time="0.0">
    <skipped/>
  </testcase> <!-- @BeforeMethod beforeClass -->
  <testcase classname="SurveySolution.SurveySolution_Testcase" name="@AfterMethod close_App" time="0.0">
    <skipped/>
  </testcase> <!-- @AfterMethod close_App -->
  <testcase classname="SurveySolution.SurveySolution_Testcase" name="@BeforeMethod beforeClass" time="0.0">
    <skipped/>
  </testcase> <!-- @BeforeMethod beforeClass -->
  <testcase classname="SurveySolution.SurveySolution_Testcase" name="@AfterMethod close_App" time="0.0">
    <skipped/>
  </testcase> <!-- @AfterMethod close_App -->
  <testcase classname="SurveySolution.SurveySolution_Testcase" name="@BeforeMethod beforeClass" time="0.0">
    <skipped/>
  </testcase> <!-- @BeforeMethod beforeClass -->
  <testcase classname="SurveySolution.SurveySolution_Testcase" name="@AfterMethod close_App" time="0.0">
    <skipped/>
  </testcase> <!-- @AfterMethod close_App -->
  <testcase classname="SurveySolution.SurveySolution_Testcase" name="@BeforeMethod beforeClass" time="0.0">
    <skipped/>
  </testcase> <!-- @BeforeMethod beforeClass -->
  <testcase classname="SurveySolution.SurveySolution_Testcase" name="@AfterMethod close_App" time="0.0">
    <skipped/>
  </testcase> <!-- @AfterMethod close_App -->
  <testcase classname="SurveySolution.SurveySolution_Testcase" name="@BeforeMethod beforeClass" time="0.0">
    <skipped/>
  </testcase> <!-- @BeforeMethod beforeClass -->
  <testcase classname="SurveySolution.SurveySolution_Testcase" name="@AfterMethod close_App" time="0.0">
    <skipped/>
  </testcase> <!-- @AfterMethod close_App -->
  <testcase classname="SurveySolution.SurveySolution_Testcase" name="@BeforeMethod beforeClass" time="0.0">
    <skipped/>
  </testcase> <!-- @BeforeMethod beforeClass -->
  <testcase classname="SurveySolution.SurveySolution_Testcase" name="@AfterMethod close_App" time="0.0">
    <skipped/>
  </testcase> <!-- @AfterMethod close_App -->
  <testcase classname="SurveySolution.SurveySolution_Testcase" name="@BeforeMethod beforeClass" time="0.0">
    <skipped/>
  </testcase> <!-- @BeforeMethod beforeClass -->
  <testcase classname="SurveySolution.SurveySolution_Testcase" name="@AfterMethod close_App" time="0.0">
    <skipped/>
  </testcase> <!-- @AfterMethod close_App -->
  <testcase classname="SurveySolution.SurveySolution_Testcase" name="@BeforeMethod beforeClass" time="0.0">
    <skipped/>
  </testcase> <!-- @BeforeMethod beforeClass -->
  <testcase classname="SurveySolution.SurveySolution_Testcase" name="@AfterMethod close_App" time="0.0">
    <skipped/>
  </testcase> <!-- @AfterMethod close_App -->
  <testcase classname="SurveySolution.SurveySolution_Testcase" name="@BeforeMethod beforeClass" time="0.0">
    <skipped/>
  </testcase> <!-- @BeforeMethod beforeClass -->
  <testcase classname="SurveySolution.SurveySolution_Testcase" name="@AfterMethod close_App" time="0.0">
    <skipped/>
  </testcase> <!-- @AfterMethod close_App -->
  <testcase classname="SurveySolution.SurveySolution_Testcase" name="@BeforeMethod beforeClass" time="0.0">
    <skipped/>
  </testcase> <!-- @BeforeMethod beforeClass -->
  <testcase classname="SurveySolution.SurveySolution_Testcase" name="@AfterMethod close_App" time="0.0">
    <skipped/>
  </testcase> <!-- @AfterMethod close_App -->
  <testcase classname="SurveySolution.SurveySolution_Testcase" name="@BeforeMethod beforeClass" time="0.0">
    <skipped/>
  </testcase> <!-- @BeforeMethod beforeClass -->
  <testcase classname="SurveySolution.SurveySolution_Testcase" name="@AfterMethod close_App" time="0.0">
    <skipped/>
  </testcase> <!-- @AfterMethod close_App -->
  <testcase classname="SurveySolution.SurveySolution_Testcase" name="@BeforeMethod beforeClass" time="0.0">
    <skipped/>
  </testcase> <!-- @BeforeMethod beforeClass -->
  <testcase classname="SurveySolution.SurveySolution_Testcase" name="@AfterMethod close_App" time="0.0">
    <skipped/>
  </testcase> <!-- @AfterMethod close_App -->
  <testcase classname="SurveySolution.SurveySolution_Testcase" name="@BeforeMethod beforeClass" time="0.0">
    <skipped/>
  </testcase> <!-- @BeforeMethod beforeClass -->
  <testcase classname="SurveySolution.SurveySolution_Testcase" name="@AfterMethod close_App" time="0.0">
    <skipped/>
  </testcase> <!-- @AfterMethod close_App -->
  <testcase classname="SurveySolution.SurveySolution_Testcase" name="@BeforeMethod beforeClass" time="0.0">
    <skipped/>
  </testcase> <!-- @BeforeMethod beforeClass -->
  <testcase classname="SurveySolution.SurveySolution_Testcase" name="@AfterMethod close_App" time="0.0">
    <skipped/>
  </testcase> <!-- @AfterMethod close_App -->
  <testcase classname="SurveySolution.SurveySolution_Testcase" name="@BeforeMethod beforeClass" time="0.0">
    <skipped/>
  </testcase> <!-- @BeforeMethod beforeClass -->
  <testcase classname="SurveySolution.SurveySolution_Testcase" name="@AfterMethod close_App" time="0.0">
    <skipped/>
  </testcase> <!-- @AfterMethod close_App -->
  <testcase classname="SurveySolution.SurveySolution_Testcase" name="@BeforeMethod beforeClass" time="0.0">
    <skipped/>
  </testcase> <!-- @BeforeMethod beforeClass -->
  <testcase classname="SurveySolution.SurveySolution_Testcase" name="@AfterMethod close_App" time="0.0">
    <skipped/>
  </testcase> <!-- @AfterMethod close_App -->
  <testcase classname="SurveySolution.SurveySolution_Testcase" name="@BeforeMethod beforeClass" time="0.0">
    <skipped/>
  </testcase> <!-- @BeforeMethod beforeClass -->
  <testcase classname="SurveySolution.SurveySolution_Testcase" name="@AfterMethod close_App" time="0.0">
    <skipped/>
  </testcase> <!-- @AfterMethod close_App -->
  <testcase classname="SurveySolution.SurveySolution_Testcase" name="@BeforeMethod beforeClass" time="0.0">
    <skipped/>
  </testcase> <!-- @BeforeMethod beforeClass -->
  <testcase classname="SurveySolution.SurveySolution_Testcase" name="@AfterMethod close_App" time="0.0">
    <skipped/>
  </testcase> <!-- @AfterMethod close_App -->
  <testcase classname="SurveySolution.SurveySolution_Testcase" name="@BeforeMethod beforeClass" time="0.0">
    <skipped/>
  </testcase> <!-- @BeforeMethod beforeClass -->
  <testcase classname="SurveySolution.SurveySolution_Testcase" name="@AfterMethod close_App" time="0.0">
    <skipped/>
  </testcase> <!-- @AfterMethod close_App -->
  <testcase classname="SurveySolution.SurveySolution_Testcase" name="@BeforeMethod beforeClass" time="0.0">
    <skipped/>
  </testcase> <!-- @BeforeMethod beforeClass -->
  <testcase classname="SurveySolution.SurveySolution_Testcase" name="@AfterMethod close_App" time="0.0">
    <skipped/>
  </testcase> <!-- @AfterMethod close_App -->
  <testcase classname="SurveySolution.SurveySolution_Testcase" name="@BeforeMethod beforeClass" time="0.0">
    <skipped/>
  </testcase> <!-- @BeforeMethod beforeClass -->
  <testcase classname="SurveySolution.SurveySolution_Testcase" name="@AfterMethod close_App" time="0.0">
    <skipped/>
  </testcase> <!-- @AfterMethod close_App -->
  <testcase classname="SurveySolution.SurveySolution_Testcase" name="@BeforeMethod beforeClass" time="0.0">
    <skipped/>
  </testcase> <!-- @BeforeMethod beforeClass -->
  <testcase classname="SurveySolution.SurveySolution_Testcase" name="@AfterMethod close_App" time="0.0">
    <skipped/>
  </testcase> <!-- @AfterMethod close_App -->
  <testcase classname="SurveySolution.SurveySolution_Testcase" name="@BeforeMethod beforeClass" time="0.0">
    <skipped/>
  </testcase> <!-- @BeforeMethod beforeClass -->
  <testcase classname="SurveySolution.SurveySolution_Testcase" name="@AfterMethod close_App" time="0.0">
    <skipped/>
  </testcase> <!-- @AfterMethod close_App -->
  <testcase classname="SurveySolution.SurveySolution_Testcase" name="@BeforeMethod beforeClass" time="0.0">
    <skipped/>
  </testcase> <!-- @BeforeMethod beforeClass -->
  <testcase classname="SurveySolution.SurveySolution_Testcase" name="@AfterMethod close_App" time="0.0">
    <skipped/>
  </testcase> <!-- @AfterMethod close_App -->
  <testcase classname="SurveySolution.SurveySolution_Testcase" name="@BeforeMethod beforeClass" time="0.0">
    <skipped/>
  </testcase> <!-- @BeforeMethod beforeClass -->
  <testcase classname="SurveySolution.SurveySolution_Testcase" name="@AfterMethod close_App" time="0.0">
    <skipped/>
  </testcase> <!-- @AfterMethod close_App -->
  <testcase classname="SurveySolution.SurveySolution_Testcase" name="@BeforeMethod beforeClass" time="0.0">
    <skipped/>
  </testcase> <!-- @BeforeMethod beforeClass -->
  <testcase classname="SurveySolution.SurveySolution_Testcase" name="@AfterMethod close_App" time="0.0">
    <skipped/>
  </testcase> <!-- @AfterMethod close_App -->
  <testcase classname="SurveySolution.SurveySolution_Testcase" name="@BeforeMethod beforeClass" time="0.0">
    <skipped/>
  </testcase> <!-- @BeforeMethod beforeClass -->
  <testcase classname="SurveySolution.SurveySolution_Testcase" name="@AfterMethod close_App" time="0.0">
    <skipped/>
  </testcase> <!-- @AfterMethod close_App -->
  <testcase classname="SurveySolution.SurveySolution_Testcase" name="@BeforeMethod beforeClass" time="0.0">
    <skipped/>
  </testcase> <!-- @BeforeMethod beforeClass -->
  <testcase classname="SurveySolution.SurveySolution_Testcase" name="@AfterMethod close_App" time="0.0">
    <skipped/>
  </testcase> <!-- @AfterMethod close_App -->
  <testcase classname="SurveySolution.SurveySolution_Testcase" name="@BeforeMethod beforeClass" time="0.0">
    <skipped/>
  </testcase> <!-- @BeforeMethod beforeClass -->
  <testcase classname="SurveySolution.SurveySolution_Testcase" name="@AfterMethod close_App" time="0.0">
    <skipped/>
  </testcase> <!-- @AfterMethod close_App -->
  <testcase classname="SurveySolution.SurveySolution_Testcase" name="@BeforeMethod beforeClass" time="0.0">
    <skipped/>
  </testcase> <!-- @BeforeMethod beforeClass -->
  <testcase classname="SurveySolution.SurveySolution_Testcase" name="@AfterMethod close_App" time="0.0">
    <skipped/>
  </testcase> <!-- @AfterMethod close_App -->
  <testcase classname="SurveySolution.SurveySolution_Testcase" name="@BeforeMethod beforeClass" time="0.0">
    <skipped/>
  </testcase> <!-- @BeforeMethod beforeClass -->
  <testcase classname="SurveySolution.SurveySolution_Testcase" name="@AfterMethod close_App" time="0.0">
    <skipped/>
  </testcase> <!-- @AfterMethod close_App -->
  <testcase classname="SurveySolution.SurveySolution_Testcase" name="@BeforeMethod beforeClass" time="0.0">
    <skipped/>
  </testcase> <!-- @BeforeMethod beforeClass -->
  <testcase classname="SurveySolution.SurveySolution_Testcase" name="@AfterMethod close_App" time="0.0">
    <skipped/>
  </testcase> <!-- @AfterMethod close_App -->
  <testcase classname="SurveySolution.SurveySolution_Testcase" name="@BeforeMethod beforeClass" time="0.0">
    <skipped/>
  </testcase> <!-- @BeforeMethod beforeClass -->
  <testcase classname="SurveySolution.SurveySolution_Testcase" name="@AfterMethod close_App" time="0.0">
    <skipped/>
  </testcase> <!-- @AfterMethod close_App -->
  <testcase classname="SurveySolution.SurveySolution_Testcase" name="@BeforeMethod beforeClass" time="0.0">
    <skipped/>
  </testcase> <!-- @BeforeMethod beforeClass -->
  <testcase classname="SurveySolution.SurveySolution_Testcase" name="@AfterMethod close_App" time="0.0">
    <skipped/>
  </testcase> <!-- @AfterMethod close_App -->
  <testcase classname="SurveySolution.SurveySolution_Testcase" name="@BeforeMethod beforeClass" time="0.0">
    <skipped/>
  </testcase> <!-- @BeforeMethod beforeClass -->
  <testcase classname="SurveySolution.SurveySolution_Testcase" name="@AfterMethod close_App" time="0.0">
    <skipped/>
  </testcase> <!-- @AfterMethod close_App -->
  <testcase classname="SurveySolution.SurveySolution_Testcase" name="@BeforeMethod beforeClass" time="0.0">
    <skipped/>
  </testcase> <!-- @BeforeMethod beforeClass -->
  <testcase classname="SurveySolution.SurveySolution_Testcase" name="@AfterMethod close_App" time="0.0">
    <skipped/>
  </testcase> <!-- @AfterMethod close_App -->
  <testcase classname="SurveySolution.SurveySolution_Testcase" name="@BeforeMethod beforeClass" time="0.0">
    <skipped/>
  </testcase> <!-- @BeforeMethod beforeClass -->
  <testcase classname="SurveySolution.SurveySolution_Testcase" name="@AfterMethod close_App" time="0.0">
    <skipped/>
  </testcase> <!-- @AfterMethod close_App -->
  <testcase classname="SurveySolution.SurveySolution_Testcase" name="@BeforeMethod beforeClass" time="0.0">
    <skipped/>
  </testcase> <!-- @BeforeMethod beforeClass -->
  <testcase classname="SurveySolution.SurveySolution_Testcase" name="@AfterMethod close_App" time="0.0">
    <skipped/>
  </testcase> <!-- @AfterMethod close_App -->
  <testcase classname="SurveySolution.SurveySolution_Testcase" name="@BeforeMethod beforeClass" time="0.0">
    <skipped/>
  </testcase> <!-- @BeforeMethod beforeClass -->
  <testcase classname="SurveySolution.SurveySolution_Testcase" name="@AfterMethod close_App" time="0.0">
    <skipped/>
  </testcase> <!-- @AfterMethod close_App -->
  <testcase classname="SurveySolution.SurveySolution_Testcase" name="@BeforeMethod beforeClass" time="0.0">
    <skipped/>
  </testcase> <!-- @BeforeMethod beforeClass -->
  <testcase classname="SurveySolution.SurveySolution_Testcase" name="@AfterMethod close_App" time="0.0">
    <skipped/>
  </testcase> <!-- @AfterMethod close_App -->
  <testcase classname="SurveySolution.SurveySolution_Testcase" name="@BeforeMethod beforeClass" time="0.0">
    <skipped/>
  </testcase> <!-- @BeforeMethod beforeClass -->
  <testcase classname="SurveySolution.SurveySolution_Testcase" name="@AfterMethod close_App" time="0.0">
    <skipped/>
  </testcase> <!-- @AfterMethod close_App -->
  <testcase classname="SurveySolution.SurveySolution_Testcase" name="@BeforeMethod beforeClass" time="0.0">
    <skipped/>
  </testcase> <!-- @BeforeMethod beforeClass -->
  <testcase classname="SurveySolution.SurveySolution_Testcase" name="@AfterMethod close_App" time="0.0">
    <skipped/>
  </testcase> <!-- @AfterMethod close_App -->
  <testcase classname="SurveySolution.SurveySolution_Testcase" name="@BeforeMethod beforeClass" time="0.0">
    <skipped/>
  </testcase> <!-- @BeforeMethod beforeClass -->
  <testcase classname="SurveySolution.SurveySolution_Testcase" name="@AfterMethod close_App" time="0.0">
    <skipped/>
  </testcase> <!-- @AfterMethod close_App -->
  <testcase classname="SurveySolution.SurveySolution_Testcase" name="@BeforeMethod beforeClass" time="0.0">
    <skipped/>
  </testcase> <!-- @BeforeMethod beforeClass -->
  <testcase classname="SurveySolution.SurveySolution_Testcase" name="@AfterMethod close_App" time="0.0">
    <skipped/>
  </testcase> <!-- @AfterMethod close_App -->
  <testcase classname="SurveySolution.SurveySolution_Testcase" name="@BeforeMethod beforeClass" time="0.0">
    <skipped/>
  </testcase> <!-- @BeforeMethod beforeClass -->
  <testcase classname="SurveySolution.SurveySolution_Testcase" name="@AfterMethod close_App" time="0.0">
    <skipped/>
  </testcase> <!-- @AfterMethod close_App -->
  <testcase classname="SurveySolution.SurveySolution_Testcase" name="@BeforeMethod beforeClass" time="0.0">
    <skipped/>
  </testcase> <!-- @BeforeMethod beforeClass -->
  <testcase classname="SurveySolution.SurveySolution_Testcase" name="@AfterMethod close_App" time="0.0">
    <skipped/>
  </testcase> <!-- @AfterMethod close_App -->
  <testcase classname="SurveySolution.SurveySolution_Testcase" name="@BeforeMethod beforeClass" time="0.0">
    <skipped/>
  </testcase> <!-- @BeforeMethod beforeClass -->
  <testcase classname="SurveySolution.SurveySolution_Testcase" name="@AfterMethod close_App" time="0.0">
    <skipped/>
  </testcase> <!-- @AfterMethod close_App -->
  <testcase classname="SurveySolution.SurveySolution_Testcase" name="@BeforeMethod beforeClass" time="0.0">
    <skipped/>
  </testcase> <!-- @BeforeMethod beforeClass -->
  <testcase classname="SurveySolution.SurveySolution_Testcase" name="@AfterMethod close_App" time="0.0">
    <skipped/>
  </testcase> <!-- @AfterMethod close_App -->
  <testcase classname="SurveySolution.SurveySolution_Testcase" name="@BeforeMethod beforeClass" time="0.0">
    <skipped/>
  </testcase> <!-- @BeforeMethod beforeClass -->
  <testcase classname="SurveySolution.SurveySolution_Testcase" name="@AfterMethod close_App" time="0.0">
    <skipped/>
  </testcase> <!-- @AfterMethod close_App -->
  <testcase classname="SurveySolution.SurveySolution_Testcase" name="@BeforeMethod beforeClass" time="0.0">
    <skipped/>
  </testcase> <!-- @BeforeMethod beforeClass -->
  <testcase classname="SurveySolution.SurveySolution_Testcase" name="@AfterMethod close_App" time="0.0">
    <skipped/>
  </testcase> <!-- @AfterMethod close_App -->
  <testcase classname="SurveySolution.SurveySolution_Testcase" name="@BeforeMethod beforeClass" time="0.0">
    <skipped/>
  </testcase> <!-- @BeforeMethod beforeClass -->
  <testcase classname="SurveySolution.SurveySolution_Testcase" name="@AfterMethod close_App" time="0.0">
    <skipped/>
  </testcase> <!-- @AfterMethod close_App -->
  <testcase classname="SurveySolution.SurveySolution_Testcase" name="@BeforeMethod beforeClass" time="0.0">
    <skipped/>
  </testcase> <!-- @BeforeMethod beforeClass -->
  <testcase classname="SurveySolution.SurveySolution_Testcase" name="@AfterMethod close_App" time="0.0">
    <skipped/>
  </testcase> <!-- @AfterMethod close_App -->
  <testcase classname="SurveySolution.SurveySolution_Testcase" name="@BeforeMethod beforeClass" time="0.0">
    <skipped/>
  </testcase> <!-- @BeforeMethod beforeClass -->
  <testcase classname="SurveySolution.SurveySolution_Testcase" name="@AfterMethod close_App" time="0.0">
    <skipped/>
  </testcase> <!-- @AfterMethod close_App -->
  <testcase classname="SurveySolution.SurveySolution_Testcase" name="@BeforeMethod beforeClass" time="0.0">
    <skipped/>
  </testcase> <!-- @BeforeMethod beforeClass -->
  <testcase classname="SurveySolution.SurveySolution_Testcase" name="@AfterMethod close_App" time="0.0">
    <skipped/>
  </testcase> <!-- @AfterMethod close_App -->
  <testcase classname="SurveySolution.SurveySolution_Testcase" name="@BeforeMethod beforeClass" time="0.0">
    <skipped/>
  </testcase> <!-- @BeforeMethod beforeClass -->
  <testcase classname="SurveySolution.SurveySolution_Testcase" name="@AfterMethod close_App" time="0.0">
    <skipped/>
  </testcase> <!-- @AfterMethod close_App -->
  <testcase classname="SurveySolution.SurveySolution_Testcase" name="@BeforeMethod beforeClass" time="0.0">
    <skipped/>
  </testcase> <!-- @BeforeMethod beforeClass -->
  <testcase classname="SurveySolution.SurveySolution_Testcase" name="@AfterMethod close_App" time="0.0">
    <skipped/>
  </testcase> <!-- @AfterMethod close_App -->
  <testcase classname="SurveySolution.SurveySolution_Testcase" name="@BeforeMethod beforeClass" time="0.0">
    <skipped/>
  </testcase> <!-- @BeforeMethod beforeClass -->
  <testcase classname="SurveySolution.SurveySolution_Testcase" name="@AfterMethod close_App" time="0.0">
    <skipped/>
  </testcase> <!-- @AfterMethod close_App -->
  <testcase classname="SurveySolution.SurveySolution_Testcase" name="@BeforeMethod beforeClass" time="0.0">
    <skipped/>
  </testcase> <!-- @BeforeMethod beforeClass -->
  <testcase classname="SurveySolution.SurveySolution_Testcase" name="@AfterMethod close_App" time="0.0">
    <skipped/>
  </testcase> <!-- @AfterMethod close_App -->
  <testcase classname="SurveySolution.SurveySolution_Testcase" name="@BeforeMethod beforeClass" time="0.0">
    <skipped/>
  </testcase> <!-- @BeforeMethod beforeClass -->
  <testcase classname="SurveySolution.SurveySolution_Testcase" name="@AfterMethod close_App" time="0.0">
    <skipped/>
  </testcase> <!-- @AfterMethod close_App -->
  <testcase classname="SurveySolution.SurveySolution_Testcase" name="@BeforeMethod beforeClass" time="0.0">
    <skipped/>
  </testcase> <!-- @BeforeMethod beforeClass -->
  <testcase classname="SurveySolution.SurveySolution_Testcase" name="@AfterMethod close_App" time="0.0">
    <skipped/>
  </testcase> <!-- @AfterMethod close_App -->
  <testcase classname="SurveySolution.SurveySolution_Testcase" name="@BeforeMethod beforeClass" time="0.0">
    <skipped/>
  </testcase> <!-- @BeforeMethod beforeClass -->
  <testcase classname="SurveySolution.SurveySolution_Testcase" name="@AfterMethod close_App" time="0.0">
    <skipped/>
  </testcase> <!-- @AfterMethod close_App -->
  <testcase classname="SurveySolution.SurveySolution_Testcase" name="@BeforeMethod beforeClass" time="0.0">
    <skipped/>
  </testcase> <!-- @BeforeMethod beforeClass -->
  <testcase classname="SurveySolution.SurveySolution_Testcase" name="@AfterMethod close_App" time="0.0">
    <skipped/>
  </testcase> <!-- @AfterMethod close_App -->
  <testcase classname="SurveySolution.SurveySolution_Testcase" name="@BeforeMethod beforeClass" time="0.0">
    <skipped/>
  </testcase> <!-- @BeforeMethod beforeClass -->
  <testcase classname="SurveySolution.SurveySolution_Testcase" name="@AfterMethod close_App" time="0.0">
    <skipped/>
  </testcase> <!-- @AfterMethod close_App -->
  <testcase classname="SurveySolution.SurveySolution_Testcase" name="@BeforeMethod beforeClass" time="0.0">
    <skipped/>
  </testcase> <!-- @BeforeMethod beforeClass -->
  <testcase classname="SurveySolution.SurveySolution_Testcase" name="@AfterMethod close_App" time="0.0">
    <skipped/>
  </testcase> <!-- @AfterMethod close_App -->
  <testcase classname="SurveySolution.SurveySolution_Testcase" name="@BeforeMethod beforeClass" time="0.0">
    <skipped/>
  </testcase> <!-- @BeforeMethod beforeClass -->
  <testcase classname="SurveySolution.SurveySolution_Testcase" name="@AfterMethod close_App" time="0.0">
    <skipped/>
  </testcase> <!-- @AfterMethod close_App -->
  <testcase classname="SurveySolution.SurveySolution_Testcase" name="@BeforeMethod beforeClass" time="0.0">
    <skipped/>
  </testcase> <!-- @BeforeMethod beforeClass -->
  <testcase classname="SurveySolution.SurveySolution_Testcase" name="@AfterMethod close_App" time="0.0">
    <skipped/>
  </testcase> <!-- @AfterMethod close_App -->
  <testcase classname="SurveySolution.SurveySolution_Testcase" name="@BeforeMethod beforeClass" time="0.0">
    <skipped/>
  </testcase> <!-- @BeforeMethod beforeClass -->
  <testcase classname="SurveySolution.SurveySolution_Testcase" name="@AfterMethod close_App" time="0.0">
    <skipped/>
  </testcase> <!-- @AfterMethod close_App -->
  <testcase classname="SurveySolution.SurveySolution_Testcase" name="@BeforeMethod beforeClass" time="0.0">
    <skipped/>
  </testcase> <!-- @BeforeMethod beforeClass -->
  <testcase classname="SurveySolution.SurveySolution_Testcase" name="@AfterMethod close_App" time="0.0">
    <skipped/>
  </testcase> <!-- @AfterMethod close_App -->
  <testcase classname="SurveySolution.SurveySolution_Testcase" name="@BeforeMethod beforeClass" time="0.0">
    <skipped/>
  </testcase> <!-- @BeforeMethod beforeClass -->
  <testcase classname="SurveySolution.SurveySolution_Testcase" name="@AfterMethod close_App" time="0.0">
    <skipped/>
  </testcase> <!-- @AfterMethod close_App -->
  <testcase classname="SurveySolution.SurveySolution_Testcase" name="@BeforeMethod beforeClass" time="0.0">
    <skipped/>
  </testcase> <!-- @BeforeMethod beforeClass -->
  <testcase classname="SurveySolution.SurveySolution_Testcase" name="@AfterMethod close_App" time="0.0">
    <skipped/>
  </testcase> <!-- @AfterMethod close_App -->
  <testcase classname="SurveySolution.SurveySolution_Testcase" name="@BeforeMethod beforeClass" time="0.0">
    <skipped/>
  </testcase> <!-- @BeforeMethod beforeClass -->
  <testcase classname="SurveySolution.SurveySolution_Testcase" name="@AfterMethod close_App" time="0.0">
    <skipped/>
  </testcase> <!-- @AfterMethod close_App -->
  <testcase classname="SurveySolution.SurveySolution_Testcase" name="@BeforeMethod beforeClass" time="0.0">
    <skipped/>
  </testcase> <!-- @BeforeMethod beforeClass -->
  <testcase classname="SurveySolution.SurveySolution_Testcase" name="@AfterMethod close_App" time="0.0">
    <skipped/>
  </testcase> <!-- @AfterMethod close_App -->
  <testcase classname="SurveySolution.SurveySolution_Testcase" name="@BeforeMethod beforeClass" time="0.0">
    <skipped/>
  </testcase> <!-- @BeforeMethod beforeClass -->
  <testcase classname="SurveySolution.SurveySolution_Testcase" name="@AfterMethod close_App" time="0.0">
    <skipped/>
  </testcase> <!-- @AfterMethod close_App -->
  <testcase classname="SurveySolution.SurveySolution_Testcase" name="@BeforeMethod beforeClass" time="0.0">
    <skipped/>
  </testcase> <!-- @BeforeMethod beforeClass -->
  <testcase classname="SurveySolution.SurveySolution_Testcase" name="@AfterMethod close_App" time="0.0">
    <skipped/>
  </testcase> <!-- @AfterMethod close_App -->
  <testcase classname="SurveySolution.SurveySolution_Testcase" name="@BeforeMethod beforeClass" time="0.0">
    <skipped/>
  </testcase> <!-- @BeforeMethod beforeClass -->
  <testcase classname="SurveySolution.SurveySolution_Testcase" name="@AfterMethod close_App" time="0.0">
    <skipped/>
  </testcase> <!-- @AfterMethod close_App -->
  <testcase classname="SurveySolution.SurveySolution_Testcase" name="SSQPad_01" time="0.387"/>
  <testcase classname="SurveySolution.SurveySolution_Testcase" name="SSQPad_03" time="0.002"/>
  <testcase classname="SurveySolution.SurveySolution_Testcase" name="SSQPad_04" time="0.795"/>
  <testcase classname="SurveySolution.SurveySolution_Testcase" name="SSQPad_05" time="6.451"/>
  <testcase classname="SurveySolution.SurveySolution_Testcase" name="SSQPad_06" time="11.994"/>
  <testcase classname="SurveySolution.SurveySolution_Testcase" name="SSQPad_07" time="13.807"/>
  <testcase classname="SurveySolution.SurveySolution_Testcase" name="SSQPad_08" time="9.407">
    <failure type="org.openqa.selenium.NoSuchElementException" message="An element could not be located on the page using the given search parameters.
For documentation on this error, please visit: http://seleniumhq.org/exceptions/no_such_element.html
Build info: version: &amp;apos;3.12.0&amp;apos;, revision: &amp;apos;7c6e0b3&amp;apos;, time: &amp;apos;2018-05-08T14:04:26.12Z&amp;apos;
System info: host: &amp;apos;QUASPC1210&amp;apos;, ip: &amp;apos;192.168.1.210&amp;apos;, os.name: &amp;apos;Windows 10&amp;apos;, os.arch: &amp;apos;amd64&amp;apos;, os.version: &amp;apos;10.0&amp;apos;, java.version: &amp;apos;11.0.12&amp;apos;
Driver info: io.appium.java_client.android.AndroidDriver
Capabilities {app: C:\Users\meet.g\eclipse-wor..., appPackage: com.IGiS.QPadSS, automationName: appium, databaseEnabled: false, desired: {app: C:\Users\meet.g\eclipse-wor..., automationName: appium, deviceName: Pixel 3 XL API 28, newCommandTimeout: 10000, platformName: android, platformVersion: 9, udid: emulator-5554}, deviceApiLevel: 28, deviceManufacturer: Google, deviceModel: AOSP on IA Emulator, deviceName: emulator-5554, deviceScreenDensity: 560, deviceScreenSize: 1440x2960, deviceUDID: emulator-5554, javascriptEnabled: true, locationContextEnabled: false, networkConnectionEnabled: true, newCommandTimeout: 10000, pixelRatio: 3.5, platform: LINUX, platformName: Android, platformVersion: 9, statBarHeight: 172, takesScreenshot: true, udid: emulator-5554, viewportRect: {height: 2449, left: 0, top: 172, width: 1440}, warnings: {}, webStorageEnabled: false}
Session ID: c6c925f6-99ae-4534-a02d-873ce69244b5
*** Element info: {Using=id, value=com.android.packageinstaller:id/permission_deny_button}">
      <![CDATA[org.openqa.selenium.NoSuchElementException: An element could not be located on the page using the given search parameters.
For documentation on this error, please visit: http://seleniumhq.org/exceptions/no_such_element.html
Build info: version: '3.12.0', revision: '7c6e0b3', time: '2018-05-08T14:04:26.12Z'
System info: host: 'QUASPC1210', ip: '192.168.1.210', os.name: 'Windows 10', os.arch: 'amd64', os.version: '10.0', java.version: '11.0.12'
Driver info: io.appium.java_client.android.AndroidDriver
Capabilities {app: C:\Users\meet.g\eclipse-wor..., appPackage: com.IGiS.QPadSS, automationName: appium, databaseEnabled: false, desired: {app: C:\Users\meet.g\eclipse-wor..., automationName: appium, deviceName: Pixel 3 XL API 28, newCommandTimeout: 10000, platformName: android, platformVersion: 9, udid: emulator-5554}, deviceApiLevel: 28, deviceManufacturer: Google, deviceModel: AOSP on IA Emulator, deviceName: emulator-5554, deviceScreenDensity: 560, deviceScreenSize: 1440x2960, deviceUDID: emulator-5554, javascriptEnabled: true, locationContextEnabled: false, networkConnectionEnabled: true, newCommandTimeout: 10000, pixelRatio: 3.5, platform: LINUX, platformName: Android, platformVersion: 9, statBarHeight: 172, takesScreenshot: true, udid: emulator-5554, viewportRect: {height: 2449, left: 0, top: 172, width: 1440}, warnings: {}, webStorageEnabled: false}
Session ID: c6c925f6-99ae-4534-a02d-873ce69244b5
*** Element info: {Using=id, value=com.android.packageinstaller:id/permission_deny_button}
	at org.openqa.selenium.remote.http.W3CHttpResponseCodec.createException(W3CHttpResponseCodec.java:187)
	at org.openqa.selenium.remote.http.W3CHttpResponseCodec.decode(W3CHttpResponseCodec.java:122)
	at org.openqa.selenium.remote.http.W3CHttpResponseCodec.decode(W3CHttpResponseCodec.java:49)
	at org.openqa.selenium.remote.HttpCommandExecutor.execute(HttpCommandExecutor.java:158)
	at io.appium.java_client.remote.AppiumCommandExecutor.execute(AppiumCommandExecutor.java:231)
	at org.openqa.selenium.remote.RemoteWebDriver.execute(RemoteWebDriver.java:543)
	at io.appium.java_client.DefaultGenericMobileDriver.execute(DefaultGenericMobileDriver.java:42)
	at io.appium.java_client.AppiumDriver.execute(AppiumDriver.java:1)
	at io.appium.java_client.android.AndroidDriver.execute(AndroidDriver.java:1)
	at org.openqa.selenium.remote.RemoteWebDriver.findElement(RemoteWebDriver.java:317)
	at io.appium.java_client.DefaultGenericMobileDriver.findElement(DefaultGenericMobileDriver.java:62)
	at io.appium.java_client.AppiumDriver.findElement(AppiumDriver.java:1)
	at io.appium.java_client.android.AndroidDriver.findElement(AndroidDriver.java:1)
	at org.openqa.selenium.remote.RemoteWebDriver.findElementById(RemoteWebDriver.java:363)
	at io.appium.java_client.DefaultGenericMobileDriver.findElementById(DefaultGenericMobileDriver.java:70)
	at io.appium.java_client.AppiumDriver.findElementById(AppiumDriver.java:1)
	at io.appium.java_client.android.AndroidDriver.findElementById(AndroidDriver.java:1)
	at org.openqa.selenium.By$ById.findElement(By.java:188)
	at org.openqa.selenium.remote.RemoteWebDriver.findElement(RemoteWebDriver.java:309)
	at io.appium.java_client.DefaultGenericMobileDriver.findElement(DefaultGenericMobileDriver.java:58)
	at io.appium.java_client.AppiumDriver.findElement(AppiumDriver.java:1)
	at io.appium.java_client.android.AndroidDriver.findElement(AndroidDriver.java:1)
	at SurveySolution.SurveySolution_Testcase.SSQPad_08(SurveySolution_Testcase.java:180)
... Removed 28 stack frames]]>
    </failure>
  </testcase> <!-- SSQPad_08 -->
  <testcase classname="SurveySolution.SurveySolution_Testcase" name="SSQPad_09" time="9.665">
    <failure type="org.openqa.selenium.NoSuchElementException" message="An element could not be located on the page using the given search parameters.
For documentation on this error, please visit: http://seleniumhq.org/exceptions/no_such_element.html
Build info: version: &amp;apos;3.12.0&amp;apos;, revision: &amp;apos;7c6e0b3&amp;apos;, time: &amp;apos;2018-05-08T14:04:26.12Z&amp;apos;
System info: host: &amp;apos;QUASPC1210&amp;apos;, ip: &amp;apos;192.168.1.210&amp;apos;, os.name: &amp;apos;Windows 10&amp;apos;, os.arch: &amp;apos;amd64&amp;apos;, os.version: &amp;apos;10.0&amp;apos;, java.version: &amp;apos;11.0.12&amp;apos;
[...]
  </testcase> <!-- SSQPad_93 -->
  <testcase classname="SurveySolution.SurveySolution_Testcase" name="SSQPad_94" time="0.001">
    <skipped/>
  </testcase> <!-- SSQPad_94 -->
  <testcase classname="SurveySolution.SurveySolution_Testcase" name="SSQPad_95" time="0.003">
    <skipped/>
  </testcase> <!-- SSQPad_95 -->
  <testcase classname="SurveySolution.SurveySolution_Testcase" name="SSQPad_96" time="0.003">
    <skipped/>
  </testcase> <!-- SSQPad_96 -->
  <testcase classname="SurveySolution.SurveySolution_Testcase" name="SSQPad_97" time="0.0">
    <skipped/>
  </testcase> <!-- SSQPad_97 -->
  <testcase classname="SurveySolution.SurveySolution_Testcase" name="SSQPad_98" time="0.002">
    <skipped/>
  </testcase> <!-- SSQPad_98 -->
  <testcase classname="SurveySolution.SurveySolution_Testcase" name="SSQPad_99" time="0.001">
    <skipped/>
  </testcase> <!-- SSQPad_99 -->
  <testcase classname="SurveySolution.SurveySolution_Testcase" name="SSQPad_100" time="0.007">
    <skipped/>
  </testcase> <!-- SSQPad_100 -->
  <testcase classname="SurveySolution.SurveySolution_Testcase" name="SSQPad_101" time="0.001">
    <skipped/>
  </testcase> <!-- SSQPad_101 -->
  <testcase classname="SurveySolution.SurveySolution_Testcase" name="SSQPad_102" time="0.001">
    <skipped/>
  </testcase> <!-- SSQPad_102 -->
  <testcase classname="SurveySolution.SurveySolution_Testcase" name="SSQPad_103" time="0.001">
    <skipped/>
  </testcase> <!-- SSQPad_103 -->
  <testcase classname="SurveySolution.SurveySolution_Testcase" name="SSQPad_104" time="0.001">
    <skipped/>
  </testcase> <!-- SSQPad_104 -->
  <testcase classname="SurveySolution.SurveySolution_Testcase" name="SSQPad_105" time="0.001">
    <skipped/>
  </testcase> <!-- SSQPad_105 -->
  <testcase classname="SurveySolution.SurveySolution_Testcase" name="SSQPad_106" time="0.001">
    <skipped/>
  </testcase> <!-- SSQPad_106 -->
  <testcase classname="SurveySolution.SurveySolution_Testcase" name="SSQPad_107" time="0.002">
    <skipped/>
  </testcase> <!-- SSQPad_107 -->
  <testcase classname="SurveySolution.SurveySolution_Testcase" name="SSQPad_108" time="0.001">
    <skipped/>
  </testcase> <!-- SSQPad_108 -->
  <testcase classname="SurveySolution.SurveySolution_Testcase" name="SSQPad_109" time="0.001">
    <skipped/>
  </testcase> <!-- SSQPad_109 -->
  <testcase classname="SurveySolution.SurveySolution_Testcase" name="SSQPad_113" time="0.004">
    <skipped/>
  </testcase> <!-- SSQPad_113 -->
  <testcase classname="SurveySolution.SurveySolution_Testcase" name="SSQPad_114" time="0.001">
    <skipped/>
  </testcase> <!-- SSQPad_114 -->
  <testcase classname="SurveySolution.SurveySolution_Testcase" name="SSQPad_115" time="0.0">
    <skipped/>
  </testcase> <!-- SSQPad_115 -->
  <testcase classname="SurveySolution.SurveySolution_Testcase" name="SSQPad_116" time="0.001">
    <skipped/>
  </testcase> <!-- SSQPad_116 -->
  <testcase classname="SurveySolution.SurveySolution_Testcase" name="SSQPad_117" time="0.001">
    <skipped/>
  </testcase> <!-- SSQPad_117 -->
  <testcase classname="SurveySolution.SurveySolution_Testcase" name="SSQPad_118" time="0.001">
    <skipped/>
  </testcase> <!-- SSQPad_118 -->
  <testcase classname="SurveySolution.SurveySolution_Testcase" name="SSQPad_119" time="0.003">
    <skipped/>
  </testcase> <!-- SSQPad_119 -->
  <testcase classname="SurveySolution.SurveySolution_Testcase" name="SSQPad_120" time="0.001">
    <skipped/>
  </testcase> <!-- SSQPad_120 -->
  <testcase classname="SurveySolution.SurveySolution_Testcase" name="SSQPad_121" time="0.0">
    <skipped/>
  </testcase> <!-- SSQPad_121 -->
  <testcase classname="SurveySolution.SurveySolution_Testcase" name="SSQPad_122" time="0.002">
    <skipped/>
  </testcase> <!-- SSQPad_122 -->
  <testcase classname="SurveySolution.SurveySolution_Testcase" name="SSQPad_123" time="0.001">
    <skipped/>
  </testcase> <!-- SSQPad_123 -->
  <testcase classname="SurveySolution.SurveySolution_Testcase" name="SSQPad_124" time="0.001">
    <skipped/>
  </testcase> <!-- SSQPad_124 -->
  <testcase classname="SurveySolution.SurveySolution_Testcase" name="SSQPad_125" time="0.001">
    <skipped/>
  </testcase> <!-- SSQPad_125 -->
  <testcase classname="SurveySolution.SurveySolution_Testcase" name="SSQPad_126" time="0.0">
    <skipped/>
  </testcase> <!-- SSQPad_126 -->
  <testcase classname="SurveySolution.SurveySolution_Testcase" name="SSQPad_127" time="0.001">
    <skipped/>
  </testcase> <!-- SSQPad_127 -->
  <testcase classname="SurveySolution.SurveySolution_Testcase" name="SSQPad_128" time="0.001">
    <skipped/>
  </testcase> <!-- SSQPad_128 -->
  <testcase classname="SurveySolution.SurveySolution_Testcase" name="SSQPad_129" time="0.0">
    <skipped/>
  </testcase> <!-- SSQPad_129 -->
  <testcase classname="SurveySolution.SurveySolution_Testcase" name="SSQPad_130" time="0.001">
    <skipped/>
  </testcase> <!-- SSQPad_130 -->
  <testcase classname="SurveySolution.SurveySolution_Testcase" name="SSQPad_131" time="0.001">
    <skipped/>
  </testcase> <!-- SSQPad_131 -->
  <testcase classname="SurveySolution.SurveySolution_Testcase" name="SSQPad_132" time="0.0">
    <skipped/>
  </testcase> <!-- SSQPad_132 -->
  <testcase classname="SurveySolution.SurveySolution_Testcase" name="SSQPad_133" time="0.002">
    <skipped/>
  </testcase> <!-- SSQPad_133 -->
  <testcase classname="SurveySolution.SurveySolution_Testcase" name="SSQPad_134" time="0.001">
    <skipped/>
  </testcase> <!-- SSQPad_134 -->
  <testcase classname="SurveySolution.SurveySolution_Testcase" name="SSQPad_135" time="0.001">
    <skipped/>
  </testcase> <!-- SSQPad_135 -->
  <testcase classname="SurveySolution.SurveySolution_Testcase" name="SSQPad_136" time="0.002">
    <skipped/>
  </testcase> <!-- SSQPad_136 -->
  <testcase classname="SurveySolution.SurveySolution_Testcase" name="SSQPad_137" time="0.002">
    <skipped/>
  </testcase> <!-- SSQPad_137 -->
  <testcase classname="SurveySolution.SurveySolution_Testcase" name="SSQPad_138" time="0.001">
    <skipped/>
  </testcase> <!-- SSQPad_138 -->
  <testcase classname="SurveySolution.SurveySolution_Testcase" name="SSQPad_139" time="0.001">
    <skipped/>
  </testcase> <!-- SSQPad_139 -->
  <testcase classname="SurveySolution.SurveySolution_Testcase" name="SSQPad_140" time="0.001">
    <skipped/>
  </testcase> <!-- SSQPad_140 -->
  <testcase classname="SurveySolution.SurveySolution_Testcase" name="SSQPad_141" time="0.001">
    <skipped/>
  </testcase> <!-- SSQPad_141 -->
  <testcase classname="SurveySolution.SurveySolution_Testcase" name="SSQPad_142" time="0.002">
    <skipped/>
  </testcase> <!-- SSQPad_142 -->
  <testcase classname="SurveySolution.SurveySolution_Testcase" name="SSQPad_143" time="0.001">
    <skipped/>
  </testcase> <!-- SSQPad_143 -->
  <testcase classname="SurveySolution.SurveySolution_Testcase" name="SSQPad_144" time="0.001">
    <skipped/>
  </testcase> <!-- SSQPad_144 -->
  <testcase classname="SurveySolution.SurveySolution_Testcase" name="SSQPad_145" time="0.0">
    <skipped/>
  </testcase> <!-- SSQPad_145 -->
  <testcase classname="SurveySolution.SurveySolution_Testcase" name="SSQPad_146" time="0.001">
    <skipped/>
  </testcase> <!-- SSQPad_146 -->
  <testcase classname="SurveySolution.SurveySolution_Testcase" name="SSQPad_147" time="0.001">
    <skipped/>
  </testcase> <!-- SSQPad_147 -->
  <testcase classname="SurveySolution.SurveySolution_Testcase" name="SSQPad_148" time="0.001">
    <skipped/>
  </testcase> <!-- SSQPad_148 -->
  <testcase classname="SurveySolution.SurveySolution_Testcase" name="SSQPad_149" time="0.002">
    <skipped/>
  </testcase> <!-- SSQPad_149 -->
  <testcase classname="SurveySolution.SurveySolution_Testcase" name="SSQPad_150" time="0.001">
    <skipped/>
  </testcase> <!-- SSQPad_150 -->
  <testcase classname="SurveySolution.SurveySolution_Testcase" name="SSQPad_154" time="0.001">
    <skipped/>
  </testcase> <!-- SSQPad_154 -->
  <testcase classname="SurveySolution.SurveySolution_Testcase" name="SSQPad_155" time="0.001">
    <skipped/>
  </testcase> <!-- SSQPad_155 -->
  <testcase classname="SurveySolution.SurveySolution_Testcase" name="SSQPad_156" time="0.001">
    <skipped/>
  </testcase> <!-- SSQPad_156 -->
  <testcase classname="SurveySolution.SurveySolution_Testcase" name="SSQPad_157" time="0.0">
    <skipped/>
  </testcase> <!-- SSQPad_157 -->
  <testcase classname="SurveySolution.SurveySolution_Testcase" name="SSQPad_158" time="0.001">
    <skipped/>
  </testcase> <!-- SSQPad_158 -->
  <testcase classname="SurveySolution.SurveySolution_Testcase" name="SSQPad_159" time="0.001">
    <skipped/>
  </testcase> <!-- SSQPad_159 -->
  <testcase classname="SurveySolution.SurveySolution_Testcase" name="SSQPad_160" time="0.001">
    <skipped/>
  </testcase> <!-- SSQPad_160 -->
  <testcase classname="SurveySolution.SurveySolution_Testcase" name="SSQPad_161" time="0.002">
    <skipped/>
  </testcase> <!-- SSQPad_161 -->
  <testcase classname="SurveySolution.SurveySolution_Testcase" name="SSQPad_162" time="0.0">
    <skipped/>
  </testcase> <!-- SSQPad_162 -->
  <testcase classname="SurveySolution.SurveySolution_Testcase" name="SSQPad_163" time="0.005">
    <skipped/>
  </testcase> <!-- SSQPad_163 -->
  <testcase classname="SurveySolution.SurveySolution_Testcase" name="SSQPad_164" time="0.001">
    <skipped/>
  </testcase> <!-- SSQPad_164 -->
  <testcase classname="SurveySolution.SurveySolution_Testcase" name="SSQPad_165" time="0.001">
    <skipped/>
  </testcase> <!-- SSQPad_165 -->
  <testcase classname="SurveySolution.SurveySolution_Testcase" name="SSQPad_166" time="0.001">
    <skipped/>
  </testcase> <!-- SSQPad_166 -->
  <testcase classname="SurveySolution.SurveySolution_Testcase" name="SSQPad_167" time="0.002">
    <skipped/>
  </testcase> <!-- SSQPad_167 -->
  <testcase classname="SurveySolution.SurveySolution_Testcase" name="SSQPad_168" time="0.004">
    <skipped/>
  </testcase> <!-- SSQPad_168 -->
  <testcase classname="SurveySolution.SurveySolution_Testcase" name="SSQPad_169" time="0.0">
    <skipped/>
  </testcase> <!-- SSQPad_169 -->
  <testcase classname="SurveySolution.SurveySolution_Testcase" name="SSQPad_170" time="0.001">
    <skipped/>
  </testcase> <!-- SSQPad_170 -->
  <testcase classname="SurveySolution.SurveySolution_Testcase" name="SSQPad_171" time="0.0">
    <skipped/>
  </testcase> <!-- SSQPad_171 -->
  <testcase classname="SurveySolution.SurveySolution_Testcase" name="SSQPad_172" time="0.0">
    <skipped/>
  </testcase> <!-- SSQPad_172 -->
  <testcase classname="SurveySolution.SurveySolution_Testcase" name="SSQPad_173" time="0.0">
    <skipped/>
  </testcase> <!-- SSQPad_173 -->
  <testcase classname="SurveySolution.SurveySolution_Testcase" name="SSQPad_174" time="0.0">
    <skipped/>
  </testcase> <!-- SSQPad_174 -->
  <testcase classname="SurveySolution.SurveySolution_Testcase" name="SSQPad_175" time="0.001">
    <skipped/>
  </testcase> <!-- SSQPad_175 -->
  <testcase classname="SurveySolution.SurveySolution_Testcase" name="SSQPad_176" time="0.0">
    <skipped/>
  </testcase> <!-- SSQPad_176 -->
  <testcase classname="SurveySolution.SurveySolution_Testcase" name="SSQPad_177" time="0.001">
    <skipped/>
  </testcase> <!-- SSQPad_177 -->
  <testcase classname="SurveySolution.SurveySolution_Testcase" name="SSQPad_178" time="0.0">
    <skipped/>
  </testcase> <!-- SSQPad_178 -->
  <testcase classname="SurveySolution.SurveySolution_Testcase" name="SSQPad_179" time="0.001">
    <skipped/>
  </testcase> <!-- SSQPad_179 -->
  <testcase classname="SurveySolution.SurveySolution_Testcase" name="SSQPad_180" time="0.001">
    <skipped/>
  </testcase> <!-- SSQPad_180 -->
  <testcase classname="SurveySolution.SurveySolution_Testcase" name="SSQPad_181" time="0.0">
    <skipped/>
  </testcase> <!-- SSQPad_181 -->
  <testcase classname="SurveySolution.SurveySolution_Testcase" name="SSQPad_182" time="0.003">
    <skipped/>
  </testcase> <!-- SSQPad_182 -->
  <testcase classname="SurveySolution.SurveySolution_Testcase" name="SSQPad_183" time="0.001">
    <skipped/>
  </testcase> <!-- SSQPad_183 -->
  <testcase classname="SurveySolution.SurveySolution_Testcase" name="SSQPad_184" time="0.001">
    <skipped/>
  </testcase> <!-- SSQPad_184 -->
  <testcase classname="SurveySolution.SurveySolution_Testcase" name="SSQPad_185" time="0.001">
    <skipped/>
  </testcase> <!-- SSQPad_185 -->
  <testcase classname="SurveySolution.SurveySolution_Testcase" name="SSQPad_186" time="0.002">
    <skipped/>
  </testcase> <!-- SSQPad_186 -->
  <testcase classname="SurveySolution.SurveySolution_Testcase" name="SSQPad_187" time="0.001">
    <skipped/>
  </testcase> <!-- SSQPad_187 -->
  <testcase classname="SurveySolution.SurveySolution_Testcase" name="SSQPad_188" time="0.006">
    <skipped/>
  </testcase> <!-- SSQPad_188 -->
  <testcase classname="SurveySolution.SurveySolution_Testcase" name="SSQPad_189" time="0.001">
    <skipped/>
  </testcase> <!-- SSQPad_189 -->
  <testcase classname="SurveySolution.SurveySolution_Testcase" name="SSQPad_190" time="0.001">
    <skipped/>
  </testcase> <!-- SSQPad_190 -->
  <testcase classname="SurveySolution.SurveySolution_Testcase" name="SSQPad_191" time="0.001">
    <skipped/>
  </testcase> <!-- SSQPad_191 -->
  <testcase classname="SurveySolution.SurveySolution_Testcase" name="SSQPad_192" time="0.0">
    <skipped/>
  </testcase> <!-- SSQPad_192 -->
  <testcase classname="SurveySolution.SurveySolution_Testcase" name="SSQPad_193" time="0.001">
    <skipped/>
  </testcase> <!-- SSQPad_193 -->
  <testcase classname="SurveySolution.SurveySolution_Testcase" name="SSQPad_194" time="0.001">
    <skipped/>
  </testcase> <!-- SSQPad_194 -->
  <testcase classname="SurveySolution.SurveySolution_Testcase" name="SSQPad_195" time="0.001">
    <skipped/>
  </testcase> <!-- SSQPad_195 -->
  <testcase classname="SurveySolution.SurveySolution_Testcase" name="SSQPad_197" time="0.001">
    <skipped/>
  </testcase> <!-- SSQPad_197 -->
  <testcase classname="SurveySolution.SurveySolution_Testcase" name="SSQPad_198" time="0.001">
    <skipped/>
  </testcase> <!-- SSQPad_198 -->
  <testcase classname="SurveySolution.SurveySolution_Testcase" name="SSQPad_199" time="0.0">
    <skipped/>
  </testcase> <!-- SSQPad_199 -->
  <testcase classname="SurveySolution.SurveySolution_Testcase" name="SSQPad_200" time="0.0">
    <skipped/>
  </testcase> <!-- SSQPad_200 -->
  <testcase classname="SurveySolution.SurveySolution_Testcase" name="SSQPad_201" time="0.001">
    <skipped/>
  </testcase> <!-- SSQPad_201 -->
  <testcase classname="SurveySolution.SurveySolution_Testcase" name="SSQPad_202" time="0.001">
    <skipped/>
  </testcase> <!-- SSQPad_202 -->
  <testcase classname="SurveySolution.SurveySolution_Testcase" name="SSQPad_203" time="0.002">
    <skipped/>
  </testcase> <!-- SSQPad_203 -->
  <testcase classname="SurveySolution.SurveySolution_Testcase" name="SSQPad_204" time="0.001">
    <skipped/>
  </testcase> <!-- SSQPad_204 -->
  <testcase classname="SurveySolution.SurveySolution_Testcase" name="SSQPad_205" time="0.001">
    <skipped/>
  </testcase> <!-- SSQPad_205 -->
  <testcase classname="SurveySolution.SurveySolution_Testcase" name="SSQPad_206" time="0.0">
    <skipped/>
  </testcase> <!-- SSQPad_206 -->
  <testcase classname="SurveySolution.SurveySolution_Testcase" name="SSQPad_208" time="0.0">
    <skipped/>
  </testcase> <!-- SSQPad_208 -->
  <testcase classname="SurveySolution.SurveySolution_Testcase" name="SSQPad_209" time="0.0">
    <skipped/>
  </testcase> <!-- SSQPad_209 -->
  <testcase classname="SurveySolution.SurveySolution_Testcase" name="SSQPad_210" time="0.0">
    <skipped/>
  </testcase> <!-- SSQPad_210 -->
  <testcase classname="SurveySolution.SurveySolution_Testcase" name="SSQPad_211" time="0.0">
    <skipped/>
  </testcase> <!-- SSQPad_211 -->
  <testcase classname="SurveySolution.SurveySolution_Testcase" name="SSQPad_212" time="0.001">
    <skipped/>
  </testcase> <!-- SSQPad_212 -->
  <testcase classname="SurveySolution.SurveySolution_Testcase" name="SSQPad_213" time="0.002">
    <skipped/>
  </testcase> <!-- SSQPad_213 -->
  <testcase classname="SurveySolution.SurveySolution_Testcase" name="SSQPad_214" time="0.001">
    <skipped/>
  </testcase> <!-- SSQPad_214 -->
  <testcase classname="SurveySolution.SurveySolution_Testcase" name="SSQPad_218" time="0.001">
    <skipped/>
  </testcase> <!-- SSQPad_218 -->
  <testcase classname="SurveySolution.SurveySolution_Testcase" name="SSQPad_219" time="0.0">
    <skipped/>
  </testcase> <!-- SSQPad_219 -->
  <testcase classname="SurveySolution.SurveySolution_Testcase" name="SSQPad_220" time="0.002">
    <skipped/>
  </testcase> <!-- SSQPad_220 -->
  <testcase classname="SurveySolution.SurveySolution_Testcase" name="SSQPad_221" time="0.0">
    <skipped/>
  </testcase> <!-- SSQPad_221 -->
  <testcase classname="SurveySolution.SurveySolution_Testcase" name="SSQPad_222" time="0.002">
    <skipped/>
  </testcase> <!-- SSQPad_222 -->
  <testcase classname="SurveySolution.SurveySolution_Testcase" name="SSQPad_223" time="0.001">
    <skipped/>
  </testcase> <!-- SSQPad_223 -->
  <testcase classname="SurveySolution.SurveySolution_Testcase" name="SSQPad_224" time="0.001">
    <skipped/>
  </testcase> <!-- SSQPad_224 -->
  <testcase classname="SurveySolution.SurveySolution_Testcase" name="SSQPad_225" time="0.0">
    <skipped/>
  </testcase> <!-- SSQPad_225 -->
  <testcase classname="SurveySolution.SurveySolution_Testcase" name="SSQPad_226" time="0.0">
    <skipped/>
  </testcase> <!-- SSQPad_226 -->
  <testcase classname="SurveySolution.SurveySolution_Testcase" name="SSQPad_227" time="0.001">
    <skipped/>
  </testcase> <!-- SSQPad_227 -->
  <testcase classname="SurveySolution.SurveySolution_Testcase" name="SSQPad_228" time="0.001">
    <skipped/>
  </testcase> <!-- SSQPad_228 -->
  <testcase classname="SurveySolution.SurveySolution_Testcase" name="SSQPad_229" time="0.0">
    <skipped/>
  </testcase> <!-- SSQPad_229 -->
  <testcase classname="SurveySolution.SurveySolution_Testcase" name="SSQPad_230" time="0.001">
    <skipped/>
  </testcase> <!-- SSQPad_230 -->
  <testcase classname="SurveySolution.SurveySolution_Testcase" name="SSQPad_231" time="0.001">
    <skipped/>
  </testcase> <!-- SSQPad_231 -->
  <testcase classname="SurveySolution.SurveySolution_Testcase" name="SSQPad_232" time="0.0">
    <skipped/>
  </testcase> <!-- SSQPad_232 -->
  <testcase classname="SurveySolution.SurveySolution_Testcase" name="SSQPad_233" time="0.001">
    <skipped/>
  </testcase> <!-- SSQPad_233 -->
  <testcase classname="SurveySolution.SurveySolution_Testcase" name="SSQPad_234" time="0.001">
    <skipped/>
  </testcase> <!-- SSQPad_234 -->
  <testcase classname="SurveySolution.SurveySolution_Testcase" name="SSQPad_235" time="0.0">
    <skipped/>
  </testcase> <!-- SSQPad_235 -->
  <testcase classname="SurveySolution.SurveySolution_Testcase" name="SSQPad_236" time="0.0">
    <skipped/>
  </testcase> <!-- SSQPad_236 -->
  <testcase classname="SurveySolution.SurveySolution_Testcase" name="SSQPad_237" time="0.001">
    <skipped/>
  </testcase> <!-- SSQPad_237 -->
  <testcase classname="SurveySolution.SurveySolution_Testcase" name="SSQPad_239" time="0.001">
    <skipped/>
  </testcase> <!-- SSQPad_239 -->
  <testcase classname="SurveySolution.SurveySolution_Testcase" name="SSQPad_240" time="0.003">
    <skipped/>
  </testcase> <!-- SSQPad_240 -->
  <testcase classname="SurveySolution.SurveySolution_Testcase" name="SSQPad_241" time="0.0">
    <skipped/>
  </testcase> <!-- SSQPad_241 -->
  <testcase classname="SurveySolution.SurveySolution_Testcase" name="SSQPad_242" time="0.0">
    <skipped/>
  </testcase> <!-- SSQPad_242 -->
  <testcase classname="SurveySolution.SurveySolution_Testcase" name="SSQPad_243" time="0.0">
    <skipped/>
  </testcase> <!-- SSQPad_243 -->
  <testcase classname="SurveySolution.SurveySolution_Testcase" name="SSQPad_244" time="0.001">
    <skipped/>
  </testcase> <!-- SSQPad_244 -->
</testsuite> <!-- Test -->
